<?xml version="1.0" encoding="UTF-8"?>
<testng-results skipped="7" failed="1" ignored="0" total="15" passed="7">
  <reporter-output>
    <line>
      <![CDATA[switched to the iframe]]>
    </line>
    <line>
      <![CDATA[clicked on sign Up link and object is:-[[ChromeDriver: chrome on XP (f798eb1da8a7b82895f1e0123289a77a)] -> id: customer_register_link]]]>
    </line>
    <line>
      <![CDATA[switched to the default Content]]>
    </line>
    <line>
      <![CDATA[<a href='C:\Users\RISHIKESH\workspace\POMwithPF\.\src\main\java\com\iCatalyst\POMWithPF\screenshotsverifyRegistration_14_03_2018_01_55_54.png'> <img src='C:\Users\RISHIKESH\workspace\POMwithPF\.\src\main\java\com\iCatalyst\POMWithPF\screenshotsverifyRegistration_14_03_2018_01_55_54.png' height='100' width='100'/> </a>]]>
    </line>
    <line>
      <![CDATA[Retrying test verifyRegistration with status FAILURE for the 1 time(s).]]>
    </line>
    <line>
      <![CDATA[Test is skipped:verifyRegistration]]>
    </line>
    <line>
      <![CDATA[switched to the iframe]]>
    </line>
    <line>
      <![CDATA[clicked on sign Up link and object is:-[[ChromeDriver: chrome on XP (f798eb1da8a7b82895f1e0123289a77a)] -> id: customer_register_link]]]>
    </line>
    <line>
      <![CDATA[switched to the default Content]]>
    </line>
    <line>
      <![CDATA[<a href='C:\Users\RISHIKESH\workspace\POMwithPF\.\src\main\java\com\iCatalyst\POMWithPF\screenshotsverifyRegistration_14_03_2018_01_55_55.png'> <img src='C:\Users\RISHIKESH\workspace\POMwithPF\.\src\main\java\com\iCatalyst\POMWithPF\screenshotsverifyRegistration_14_03_2018_01_55_55.png' height='100' width='100'/> </a>]]>
    </line>
    <line>
      <![CDATA[Retrying test verifyRegistration with status FAILURE for the 2 time(s).]]>
    </line>
    <line>
      <![CDATA[Test is skipped:verifyRegistration]]>
    </line>
    <line>
      <![CDATA[switched to the iframe]]>
    </line>
    <line>
      <![CDATA[clicked on sign Up link and object is:-[[ChromeDriver: chrome on XP (f798eb1da8a7b82895f1e0123289a77a)] -> id: customer_register_link]]]>
    </line>
    <line>
      <![CDATA[switched to the default Content]]>
    </line>
    <line>
      <![CDATA[<a href='C:\Users\RISHIKESH\workspace\POMwithPF\.\src\main\java\com\iCatalyst\POMWithPF\screenshotsverifyRegistration_14_03_2018_01_55_56.png'> <img src='C:\Users\RISHIKESH\workspace\POMwithPF\.\src\main\java\com\iCatalyst\POMWithPF\screenshotsverifyRegistration_14_03_2018_01_55_56.png' height='100' width='100'/> </a>]]>
    </line>
    <line>
      <![CDATA[Retrying test verifyRegistration with status FAILURE for the 3 time(s).]]>
    </line>
    <line>
      <![CDATA[Test is skipped:verifyRegistration]]>
    </line>
    <line>
      <![CDATA[switched to the iframe]]>
    </line>
    <line>
      <![CDATA[clicked on sign Up link and object is:-[[ChromeDriver: chrome on XP (f798eb1da8a7b82895f1e0123289a77a)] -> id: customer_register_link]]]>
    </line>
    <line>
      <![CDATA[switched to the default Content]]>
    </line>
    <line>
      <![CDATA[<a href='C:\Users\RISHIKESH\workspace\POMwithPF\.\src\main\java\com\iCatalyst\POMWithPF\screenshotsverifyRegistration_14_03_2018_01_55_56.png'> <img src='C:\Users\RISHIKESH\workspace\POMwithPF\.\src\main\java\com\iCatalyst\POMWithPF\screenshotsverifyRegistration_14_03_2018_01_55_56.png' height='100' width='100'/> </a>]]>
    </line>
    <line>
      <![CDATA[<a href='C:\Users\RISHIKESH\workspace\POMwithPF\.\src\main\java\com\iCatalyst\POMWithPF\screenshotsblank_14_03_2018_01_55_57.png'> <img src='C:\Users\RISHIKESH\workspace\POMwithPF\.\src\main\java\com\iCatalyst\POMWithPF\screenshotsblank_14_03_2018_01_55_57.png' height='100' width='100'/> </a>]]>
    </line>
    <line>
      <![CDATA[switched to the iframe]]>
    </line>
    <line>
      <![CDATA[<a href='C:\Users\RISHIKESH\workspace\POMwithPF\.\src\main\java\com\iCatalyst\POMWithPF\screenshotsverifyLoginWithDifferentRecords_14_03_2018_01_56_59.png'> <img src='C:\Users\RISHIKESH\workspace\POMwithPF\.\src\main\java\com\iCatalyst\POMWithPF\screenshotsverifyLoginWithDifferentRecords_14_03_2018_01_56_59.png' height='100' width='100'/> </a>]]>
    </line>
    <line>
      <![CDATA[<a href='C:\Users\RISHIKESH\workspace\POMwithPF\.\src\main\java\com\iCatalyst\POMWithPF\screenshotsverifyLoginWithDifferentRecords_14_03_2018_01_57_00.png'> <img src='C:\Users\RISHIKESH\workspace\POMwithPF\.\src\main\java\com\iCatalyst\POMWithPF\screenshotsverifyLoginWithDifferentRecords_14_03_2018_01_57_00.png' height='100' width='100'/> </a>]]>
    </line>
    <line>
      <![CDATA[Test is skipped:verifyLoginWithDifferentRecords]]>
    </line>
    <line>
      <![CDATA[Test is skipped:verifyLoginWithDifferentRecords]]>
    </line>
    <line>
      <![CDATA[Test is skipped:verifyLoginWithDifferentRecords]]>
    </line>
    <line>
      <![CDATA[Test is skipped:verifyLoginWithDifferentRecords]]>
    </line>
    <line>
      <![CDATA[<a href='C:\Users\RISHIKESH\workspace\POMwithPF\.\src\main\java\com\iCatalyst\POMWithPF\screenshotsverifyLoginWithDifferentRecords_14_03_2018_01_57_00.png'> <img src='C:\Users\RISHIKESH\workspace\POMwithPF\.\src\main\java\com\iCatalyst\POMWithPF\screenshotsverifyLoginWithDifferentRecords_14_03_2018_01_57_00.png' height='100' width='100'/> </a>]]>
    </line>
    <line>
      <![CDATA[switched to the iframe]]>
    </line>
    <line>
      <![CDATA[clicked on:-Mens navigation menu]]>
    </line>
    <line>
      <![CDATA[clicked on:-Jackets]]>
    </line>
    <line>
      <![CDATA[<a href='C:\Users\RISHIKESH\workspace\POMwithPF\.\src\main\java\com\iCatalyst\POMWithPF\screenshotsverifyAaddToCart_14_03_2018_01_57_57.png'> <img src='C:\Users\RISHIKESH\workspace\POMwithPF\.\src\main\java\com\iCatalyst\POMWithPF\screenshotsverifyAaddToCart_14_03_2018_01_57_57.png' height='100' width='100'/> </a>]]>
    </line>
    <line>
      <![CDATA[switched to the iframe]]>
    </line>
    <line>
      <![CDATA[clicked on:-Mens navigation menu]]>
    </line>
    <line>
      <![CDATA[clicked on:-Jackets]]>
    </line>
    <line>
      <![CDATA[<a href='C:\Users\RISHIKESH\workspace\POMwithPF\.\src\main\java\com\iCatalyst\POMWithPF\screenshotsverifyFacebookLink_14_03_2018_01_58_59.png'> <img src='C:\Users\RISHIKESH\workspace\POMwithPF\.\src\main\java\com\iCatalyst\POMWithPF\screenshotsverifyFacebookLink_14_03_2018_01_58_59.png' height='100' width='100'/> </a>]]>
    </line>
    <line>
      <![CDATA[Test is finished:HomePageTest]]>
    </line>
    <line>
      <![CDATA[switched to the iframe]]>
    </line>
    <line>
      <![CDATA[clicked on:-Mens navigation menu]]>
    </line>
    <line>
      <![CDATA[clicked on:-Jackets]]>
    </line>
    <line>
      <![CDATA[<a href='C:\Users\RISHIKESH\workspace\POMwithPF\.\src\main\java\com\iCatalyst\POMWithPF\screenshotsverifyAaddToCart_14_03_2018_02_00_02.png'> <img src='C:\Users\RISHIKESH\workspace\POMwithPF\.\src\main\java\com\iCatalyst\POMWithPF\screenshotsverifyAaddToCart_14_03_2018_02_00_02.png' height='100' width='100'/> </a>]]>
    </line>
    <line>
      <![CDATA[switched to the iframe]]>
    </line>
    <line>
      <![CDATA[clicked on:-Mens navigation menu]]>
    </line>
    <line>
      <![CDATA[clicked on:-Jackets]]>
    </line>
    <line>
      <![CDATA[<a href='C:\Users\RISHIKESH\workspace\POMwithPF\.\src\main\java\com\iCatalyst\POMWithPF\screenshotsverifyFacebookLink_14_03_2018_02_00_57.png'> <img src='C:\Users\RISHIKESH\workspace\POMwithPF\.\src\main\java\com\iCatalyst\POMWithPF\screenshotsverifyFacebookLink_14_03_2018_02_00_57.png' height='100' width='100'/> </a>]]>
    </line>
  </reporter-output>
  <suite name="Regression Suite" duration-ms="359982" started-at="2018-03-14T08:24:58Z" finished-at="2018-03-14T08:30:58Z">
    <groups>
    </groups>
    <test name="HomePageTest" duration-ms="241580" started-at="2018-03-14T08:24:58Z" finished-at="2018-03-14T08:29:00Z">
      <class name="com.POMwithPF.homepage.TC002_VerifyRegistration">
        <test-method status="PASS" signature="setUp()[pri:0, instance:com.POMwithPF.homepage.TC002_VerifyRegistration@971d0d8]" name="setUp" is-config="true" duration-ms="52899" started-at="2018-03-14T13:54:58Z" finished-at="2018-03-14T13:55:51Z">
          <reporter-output>
          </reporter-output>
        </test-method> <!-- setUp -->
        <test-method status="PASS" signature="beforeMethod(java.lang.reflect.Method)[pri:0, instance:com.POMwithPF.homepage.TC002_VerifyRegistration@971d0d8]" name="beforeMethod" is-config="true" duration-ms="9" started-at="2018-03-14T13:55:51Z" finished-at="2018-03-14T13:55:51Z">
          <params>
            <param index="0">
              <value>
                <![CDATA[public void com.POMwithPF.homepage.TC002_VerifyRegistration.verifyRegistration()]]>
              </value>
            </param>
          </params>
          <reporter-output>
          </reporter-output>
        </test-method> <!-- beforeMethod -->
        <test-method status="SKIP" signature="verifyRegistration()[pri:0, instance:com.POMwithPF.homepage.TC002_VerifyRegistration@971d0d8]" name="verifyRegistration" duration-ms="3503" started-at="2018-03-14T13:55:51Z" finished-at="2018-03-14T13:55:55Z">
          <exception class="java.lang.AssertionError">
            <message>
              <![CDATA[verifyRegistration expected [true] but found [false]]]>
            </message>
            <full-stacktrace>
              <![CDATA[java.lang.AssertionError: verifyRegistration expected [true] but found [false]
	at org.testng.Assert.fail(Assert.java:94)
	at org.testng.Assert.failNotEquals(Assert.java:513)
	at org.testng.Assert.assertTrue(Assert.java:42)
	at com.POMwithPF.homepage.TC002_VerifyRegistration.verifyRegistration(TC002_VerifyRegistration.java:47)
	at sun.reflect.NativeMethodAccessorImpl.invoke0(Native Method)
	at sun.reflect.NativeMethodAccessorImpl.invoke(NativeMethodAccessorImpl.java:62)
	at sun.reflect.DelegatingMethodAccessorImpl.invoke(DelegatingMethodAccessorImpl.java:43)
	at java.lang.reflect.Method.invoke(Method.java:498)
	at org.testng.internal.MethodInvocationHelper.invokeMethod(MethodInvocationHelper.java:104)
	at org.testng.internal.Invoker.invokeMethod(Invoker.java:645)
	at org.testng.internal.Invoker.invokeTestMethod(Invoker.java:851)
	at org.testng.internal.Invoker.invokeTestMethods(Invoker.java:1177)
	at org.testng.internal.TestMethodWorker.invokeTestMethods(TestMethodWorker.java:129)
	at org.testng.internal.TestMethodWorker.run(TestMethodWorker.java:112)
	at org.testng.TestRunner.privateRun(TestRunner.java:756)
	at org.testng.TestRunner.run(TestRunner.java:610)
	at org.testng.SuiteRunner.runTest(SuiteRunner.java:387)
	at org.testng.SuiteRunner.runSequentially(SuiteRunner.java:382)
	at org.testng.SuiteRunner.privateRun(SuiteRunner.java:340)
	at org.testng.SuiteRunner.run(SuiteRunner.java:289)
	at org.testng.SuiteRunnerWorker.runSuite(SuiteRunnerWorker.java:52)
	at org.testng.SuiteRunnerWorker.run(SuiteRunnerWorker.java:86)
	at org.testng.TestNG.runSuitesSequentially(TestNG.java:1293)
	at org.testng.TestNG.runSuitesLocally(TestNG.java:1218)
	at org.testng.TestNG.runSuites(TestNG.java:1133)
	at org.testng.TestNG.run(TestNG.java:1104)
	at org.testng.remote.AbstractRemoteTestNG.run(AbstractRemoteTestNG.java:114)
	at org.testng.remote.RemoteTestNG.initAndRun(RemoteTestNG.java:251)
	at org.testng.remote.RemoteTestNG.main(RemoteTestNG.java:77)
]]>
            </full-stacktrace>
          </exception> <!-- java.lang.AssertionError -->
          <reporter-output>
            <line>
              <![CDATA[switched to the iframe]]>
            </line>
            <line>
              <![CDATA[clicked on sign Up link and object is:-[[ChromeDriver: chrome on XP (f798eb1da8a7b82895f1e0123289a77a)] -> id: customer_register_link]]]>
            </line>
            <line>
              <![CDATA[switched to the default Content]]>
            </line>
            <line>
              <![CDATA[<a href='C:\Users\RISHIKESH\workspace\POMwithPF\.\src\main\java\com\iCatalyst\POMWithPF\screenshotsverifyRegistration_14_03_2018_01_55_54.png'> <img src='C:\Users\RISHIKESH\workspace\POMwithPF\.\src\main\java\com\iCatalyst\POMWithPF\screenshotsverifyRegistration_14_03_2018_01_55_54.png' height='100' width='100'/> </a>]]>
            </line>
            <line>
              <![CDATA[Retrying test verifyRegistration with status FAILURE for the 1 time(s).]]>
            </line>
            <line>
              <![CDATA[Test is skipped:verifyRegistration]]>
            </line>
          </reporter-output>
        </test-method> <!-- verifyRegistration -->
        <test-method status="PASS" signature="afterMethod(org.testng.ITestResult)[pri:0, instance:com.POMwithPF.homepage.TC002_VerifyRegistration@971d0d8]" name="afterMethod" is-config="true" duration-ms="0" started-at="2018-03-14T13:55:55Z" finished-at="2018-03-14T13:55:55Z">
          <params>
            <param index="0">
              <value>
                <![CDATA[[TestResult name=verifyRegistration status=SKIP method=TC002_VerifyRegistration.verifyRegistration()[pri:0, instance:com.POMwithPF.homepage.TC002_VerifyRegistration@971d0d8] output=switched to the iframe]]]>
              </value>
            </param>
          </params>
          <reporter-output>
          </reporter-output>
        </test-method> <!-- afterMethod -->
        <test-method status="PASS" signature="beforeMethod(java.lang.reflect.Method)[pri:0, instance:com.POMwithPF.homepage.TC002_VerifyRegistration@971d0d8]" name="beforeMethod" is-config="true" duration-ms="1" started-at="2018-03-14T13:55:55Z" finished-at="2018-03-14T13:55:55Z">
          <params>
            <param index="0">
              <value>
                <![CDATA[public void com.POMwithPF.homepage.TC002_VerifyRegistration.verifyRegistration()]]>
              </value>
            </param>
          </params>
          <reporter-output>
          </reporter-output>
        </test-method> <!-- beforeMethod -->
        <test-method status="SKIP" signature="verifyRegistration()[pri:0, instance:com.POMwithPF.homepage.TC002_VerifyRegistration@971d0d8]" name="verifyRegistration" duration-ms="682" started-at="2018-03-14T13:55:55Z" finished-at="2018-03-14T13:55:55Z">
          <exception class="java.lang.AssertionError">
            <message>
              <![CDATA[verifyRegistration expected [true] but found [false]]]>
            </message>
            <full-stacktrace>
              <![CDATA[java.lang.AssertionError: verifyRegistration expected [true] but found [false]
	at org.testng.Assert.fail(Assert.java:94)
	at org.testng.Assert.failNotEquals(Assert.java:513)
	at org.testng.Assert.assertTrue(Assert.java:42)
	at com.POMwithPF.homepage.TC002_VerifyRegistration.verifyRegistration(TC002_VerifyRegistration.java:47)
	at sun.reflect.NativeMethodAccessorImpl.invoke0(Native Method)
	at sun.reflect.NativeMethodAccessorImpl.invoke(NativeMethodAccessorImpl.java:62)
	at sun.reflect.DelegatingMethodAccessorImpl.invoke(DelegatingMethodAccessorImpl.java:43)
	at java.lang.reflect.Method.invoke(Method.java:498)
	at org.testng.internal.MethodInvocationHelper.invokeMethod(MethodInvocationHelper.java:104)
	at org.testng.internal.Invoker.invokeMethod(Invoker.java:645)
	at org.testng.internal.Invoker.retryFailed(Invoker.java:998)
	at org.testng.internal.Invoker.invokeTestMethods(Invoker.java:1200)
	at org.testng.internal.TestMethodWorker.invokeTestMethods(TestMethodWorker.java:129)
	at org.testng.internal.TestMethodWorker.run(TestMethodWorker.java:112)
	at org.testng.TestRunner.privateRun(TestRunner.java:756)
	at org.testng.TestRunner.run(TestRunner.java:610)
	at org.testng.SuiteRunner.runTest(SuiteRunner.java:387)
	at org.testng.SuiteRunner.runSequentially(SuiteRunner.java:382)
	at org.testng.SuiteRunner.privateRun(SuiteRunner.java:340)
	at org.testng.SuiteRunner.run(SuiteRunner.java:289)
	at org.testng.SuiteRunnerWorker.runSuite(SuiteRunnerWorker.java:52)
	at org.testng.SuiteRunnerWorker.run(SuiteRunnerWorker.java:86)
	at org.testng.TestNG.runSuitesSequentially(TestNG.java:1293)
	at org.testng.TestNG.runSuitesLocally(TestNG.java:1218)
	at org.testng.TestNG.runSuites(TestNG.java:1133)
	at org.testng.TestNG.run(TestNG.java:1104)
	at org.testng.remote.AbstractRemoteTestNG.run(AbstractRemoteTestNG.java:114)
	at org.testng.remote.RemoteTestNG.initAndRun(RemoteTestNG.java:251)
	at org.testng.remote.RemoteTestNG.main(RemoteTestNG.java:77)
]]>
            </full-stacktrace>
          </exception> <!-- java.lang.AssertionError -->
          <reporter-output>
            <line>
              <![CDATA[switched to the iframe]]>
            </line>
            <line>
              <![CDATA[clicked on sign Up link and object is:-[[ChromeDriver: chrome on XP (f798eb1da8a7b82895f1e0123289a77a)] -> id: customer_register_link]]]>
            </line>
            <line>
              <![CDATA[switched to the default Content]]>
            </line>
            <line>
              <![CDATA[<a href='C:\Users\RISHIKESH\workspace\POMwithPF\.\src\main\java\com\iCatalyst\POMWithPF\screenshotsverifyRegistration_14_03_2018_01_55_55.png'> <img src='C:\Users\RISHIKESH\workspace\POMwithPF\.\src\main\java\com\iCatalyst\POMWithPF\screenshotsverifyRegistration_14_03_2018_01_55_55.png' height='100' width='100'/> </a>]]>
            </line>
            <line>
              <![CDATA[Retrying test verifyRegistration with status FAILURE for the 2 time(s).]]>
            </line>
            <line>
              <![CDATA[Test is skipped:verifyRegistration]]>
            </line>
          </reporter-output>
        </test-method> <!-- verifyRegistration -->
        <test-method status="PASS" signature="beforeMethod(java.lang.reflect.Method)[pri:0, instance:com.POMwithPF.homepage.TC002_VerifyRegistration@971d0d8]" name="beforeMethod" is-config="true" duration-ms="2" started-at="2018-03-14T13:55:55Z" finished-at="2018-03-14T13:55:55Z">
          <params>
            <param index="0">
              <value>
                <![CDATA[public void com.POMwithPF.homepage.TC002_VerifyRegistration.verifyRegistration()]]>
              </value>
            </param>
          </params>
          <reporter-output>
          </reporter-output>
        </test-method> <!-- beforeMethod -->
        <test-method status="PASS" signature="afterMethod(org.testng.ITestResult)[pri:0, instance:com.POMwithPF.homepage.TC002_VerifyRegistration@971d0d8]" name="afterMethod" is-config="true" duration-ms="0" started-at="2018-03-14T13:55:55Z" finished-at="2018-03-14T13:55:55Z">
          <params>
            <param index="0">
              <value>
                <![CDATA[[TestResult name=verifyRegistration status=SKIP method=TC002_VerifyRegistration.verifyRegistration()[pri:0, instance:com.POMwithPF.homepage.TC002_VerifyRegistration@971d0d8] output=switched to the iframe]]]>
              </value>
            </param>
          </params>
          <reporter-output>
          </reporter-output>
        </test-method> <!-- afterMethod -->
        <test-method status="SKIP" signature="verifyRegistration()[pri:0, instance:com.POMwithPF.homepage.TC002_VerifyRegistration@971d0d8]" name="verifyRegistration" duration-ms="706" started-at="2018-03-14T13:55:55Z" finished-at="2018-03-14T13:55:56Z">
          <exception class="java.lang.AssertionError">
            <message>
              <![CDATA[verifyRegistration expected [true] but found [false]]]>
            </message>
            <full-stacktrace>
              <![CDATA[java.lang.AssertionError: verifyRegistration expected [true] but found [false]
	at org.testng.Assert.fail(Assert.java:94)
	at org.testng.Assert.failNotEquals(Assert.java:513)
	at org.testng.Assert.assertTrue(Assert.java:42)
	at com.POMwithPF.homepage.TC002_VerifyRegistration.verifyRegistration(TC002_VerifyRegistration.java:47)
	at sun.reflect.NativeMethodAccessorImpl.invoke0(Native Method)
	at sun.reflect.NativeMethodAccessorImpl.invoke(NativeMethodAccessorImpl.java:62)
	at sun.reflect.DelegatingMethodAccessorImpl.invoke(DelegatingMethodAccessorImpl.java:43)
	at java.lang.reflect.Method.invoke(Method.java:498)
	at org.testng.internal.MethodInvocationHelper.invokeMethod(MethodInvocationHelper.java:104)
	at org.testng.internal.Invoker.invokeMethod(Invoker.java:645)
	at org.testng.internal.Invoker.retryFailed(Invoker.java:998)
	at org.testng.internal.Invoker.invokeTestMethods(Invoker.java:1200)
	at org.testng.internal.TestMethodWorker.invokeTestMethods(TestMethodWorker.java:129)
	at org.testng.internal.TestMethodWorker.run(TestMethodWorker.java:112)
	at org.testng.TestRunner.privateRun(TestRunner.java:756)
	at org.testng.TestRunner.run(TestRunner.java:610)
	at org.testng.SuiteRunner.runTest(SuiteRunner.java:387)
	at org.testng.SuiteRunner.runSequentially(SuiteRunner.java:382)
	at org.testng.SuiteRunner.privateRun(SuiteRunner.java:340)
	at org.testng.SuiteRunner.run(SuiteRunner.java:289)
	at org.testng.SuiteRunnerWorker.runSuite(SuiteRunnerWorker.java:52)
	at org.testng.SuiteRunnerWorker.run(SuiteRunnerWorker.java:86)
	at org.testng.TestNG.runSuitesSequentially(TestNG.java:1293)
	at org.testng.TestNG.runSuitesLocally(TestNG.java:1218)
	at org.testng.TestNG.runSuites(TestNG.java:1133)
	at org.testng.TestNG.run(TestNG.java:1104)
	at org.testng.remote.AbstractRemoteTestNG.run(AbstractRemoteTestNG.java:114)
	at org.testng.remote.RemoteTestNG.initAndRun(RemoteTestNG.java:251)
	at org.testng.remote.RemoteTestNG.main(RemoteTestNG.java:77)
]]>
            </full-stacktrace>
          </exception> <!-- java.lang.AssertionError -->
          <reporter-output>
            <line>
              <![CDATA[switched to the iframe]]>
            </line>
            <line>
              <![CDATA[clicked on sign Up link and object is:-[[ChromeDriver: chrome on XP (f798eb1da8a7b82895f1e0123289a77a)] -> id: customer_register_link]]]>
            </line>
            <line>
              <![CDATA[switched to the default Content]]>
            </line>
            <line>
              <![CDATA[<a href='C:\Users\RISHIKESH\workspace\POMwithPF\.\src\main\java\com\iCatalyst\POMWithPF\screenshotsverifyRegistration_14_03_2018_01_55_56.png'> <img src='C:\Users\RISHIKESH\workspace\POMwithPF\.\src\main\java\com\iCatalyst\POMWithPF\screenshotsverifyRegistration_14_03_2018_01_55_56.png' height='100' width='100'/> </a>]]>
            </line>
            <line>
              <![CDATA[Retrying test verifyRegistration with status FAILURE for the 3 time(s).]]>
            </line>
            <line>
              <![CDATA[Test is skipped:verifyRegistration]]>
            </line>
          </reporter-output>
        </test-method> <!-- verifyRegistration -->
        <test-method status="PASS" signature="afterMethod(org.testng.ITestResult)[pri:0, instance:com.POMwithPF.homepage.TC002_VerifyRegistration@971d0d8]" name="afterMethod" is-config="true" duration-ms="1" started-at="2018-03-14T13:55:56Z" finished-at="2018-03-14T13:55:56Z">
          <params>
            <param index="0">
              <value>
                <![CDATA[[TestResult name=verifyRegistration status=SKIP method=TC002_VerifyRegistration.verifyRegistration()[pri:0, instance:com.POMwithPF.homepage.TC002_VerifyRegistration@971d0d8] output=switched to the iframe]]]>
              </value>
            </param>
          </params>
          <reporter-output>
          </reporter-output>
        </test-method> <!-- afterMethod -->
        <test-method status="PASS" signature="beforeMethod(java.lang.reflect.Method)[pri:0, instance:com.POMwithPF.homepage.TC002_VerifyRegistration@971d0d8]" name="beforeMethod" is-config="true" duration-ms="1" started-at="2018-03-14T13:55:56Z" finished-at="2018-03-14T13:55:56Z">
          <params>
            <param index="0">
              <value>
                <![CDATA[public void com.POMwithPF.homepage.TC002_VerifyRegistration.verifyRegistration()]]>
              </value>
            </param>
          </params>
          <reporter-output>
          </reporter-output>
        </test-method> <!-- beforeMethod -->
        <test-method status="FAIL" signature="verifyRegistration()[pri:0, instance:com.POMwithPF.homepage.TC002_VerifyRegistration@971d0d8]" name="verifyRegistration" duration-ms="581" started-at="2018-03-14T13:55:56Z" finished-at="2018-03-14T13:55:57Z">
          <exception class="java.lang.AssertionError">
            <message>
              <![CDATA[verifyRegistration expected [true] but found [false]]]>
            </message>
            <full-stacktrace>
              <![CDATA[java.lang.AssertionError: verifyRegistration expected [true] but found [false]
	at org.testng.Assert.fail(Assert.java:94)
	at org.testng.Assert.failNotEquals(Assert.java:513)
	at org.testng.Assert.assertTrue(Assert.java:42)
	at com.POMwithPF.homepage.TC002_VerifyRegistration.verifyRegistration(TC002_VerifyRegistration.java:47)
	at sun.reflect.NativeMethodAccessorImpl.invoke0(Native Method)
	at sun.reflect.NativeMethodAccessorImpl.invoke(NativeMethodAccessorImpl.java:62)
	at sun.reflect.DelegatingMethodAccessorImpl.invoke(DelegatingMethodAccessorImpl.java:43)
	at java.lang.reflect.Method.invoke(Method.java:498)
	at org.testng.internal.MethodInvocationHelper.invokeMethod(MethodInvocationHelper.java:104)
	at org.testng.internal.Invoker.invokeMethod(Invoker.java:645)
	at org.testng.internal.Invoker.retryFailed(Invoker.java:998)
	at org.testng.internal.Invoker.invokeTestMethods(Invoker.java:1200)
	at org.testng.internal.TestMethodWorker.invokeTestMethods(TestMethodWorker.java:129)
	at org.testng.internal.TestMethodWorker.run(TestMethodWorker.java:112)
	at org.testng.TestRunner.privateRun(TestRunner.java:756)
	at org.testng.TestRunner.run(TestRunner.java:610)
	at org.testng.SuiteRunner.runTest(SuiteRunner.java:387)
	at org.testng.SuiteRunner.runSequentially(SuiteRunner.java:382)
	at org.testng.SuiteRunner.privateRun(SuiteRunner.java:340)
	at org.testng.SuiteRunner.run(SuiteRunner.java:289)
	at org.testng.SuiteRunnerWorker.runSuite(SuiteRunnerWorker.java:52)
	at org.testng.SuiteRunnerWorker.run(SuiteRunnerWorker.java:86)
	at org.testng.TestNG.runSuitesSequentially(TestNG.java:1293)
	at org.testng.TestNG.runSuitesLocally(TestNG.java:1218)
	at org.testng.TestNG.runSuites(TestNG.java:1133)
	at org.testng.TestNG.run(TestNG.java:1104)
	at org.testng.remote.AbstractRemoteTestNG.run(AbstractRemoteTestNG.java:114)
	at org.testng.remote.RemoteTestNG.initAndRun(RemoteTestNG.java:251)
	at org.testng.remote.RemoteTestNG.main(RemoteTestNG.java:77)
]]>
            </full-stacktrace>
          </exception> <!-- java.lang.AssertionError -->
          <reporter-output>
            <line>
              <![CDATA[switched to the iframe]]>
            </line>
            <line>
              <![CDATA[clicked on sign Up link and object is:-[[ChromeDriver: chrome on XP (f798eb1da8a7b82895f1e0123289a77a)] -> id: customer_register_link]]]>
            </line>
            <line>
              <![CDATA[switched to the default Content]]>
            </line>
            <line>
              <![CDATA[<a href='C:\Users\RISHIKESH\workspace\POMwithPF\.\src\main\java\com\iCatalyst\POMWithPF\screenshotsverifyRegistration_14_03_2018_01_55_56.png'> <img src='C:\Users\RISHIKESH\workspace\POMwithPF\.\src\main\java\com\iCatalyst\POMWithPF\screenshotsverifyRegistration_14_03_2018_01_55_56.png' height='100' width='100'/> </a>]]>
            </line>
          </reporter-output>
        </test-method> <!-- verifyRegistration -->
        <test-method status="PASS" signature="afterMethod(org.testng.ITestResult)[pri:0, instance:com.POMwithPF.homepage.TC002_VerifyRegistration@971d0d8]" name="afterMethod" is-config="true" duration-ms="392" started-at="2018-03-14T13:55:57Z" finished-at="2018-03-14T13:55:57Z">
          <params>
            <param index="0">
              <value>
                <![CDATA[[TestResult name=verifyRegistration status=FAILURE method=TC002_VerifyRegistration.verifyRegistration()[pri:0, instance:com.POMwithPF.homepage.TC002_VerifyRegistration@971d0d8] output=switched to the iframe]]]>
              </value>
            </param>
          </params>
          <reporter-output>
            <line>
              <![CDATA[<a href='C:\Users\RISHIKESH\workspace\POMwithPF\.\src\main\java\com\iCatalyst\POMWithPF\screenshotsblank_14_03_2018_01_55_57.png'> <img src='C:\Users\RISHIKESH\workspace\POMwithPF\.\src\main\java\com\iCatalyst\POMWithPF\screenshotsblank_14_03_2018_01_55_57.png' height='100' width='100'/> </a>]]>
            </line>
          </reporter-output>
        </test-method> <!-- afterMethod -->
        <test-method status="PASS" signature="endTest()[pri:0, instance:com.POMwithPF.homepage.TC002_VerifyRegistration@971d0d8]" name="endTest" is-config="true" duration-ms="1126" started-at="2018-03-14T13:55:57Z" finished-at="2018-03-14T13:55:58Z">
          <reporter-output>
          </reporter-output>
        </test-method> <!-- endTest -->
      </class> <!-- com.POMwithPF.homepage.TC002_VerifyRegistration -->
      <class name="com.POMwithPF.addToCart.TC001_VerifyAaddToCart">
        <test-method status="PASS" signature="setUp()[pri:0, instance:com.POMwithPF.addToCart.TC001_VerifyAaddToCart@2b4a2ec7]" name="setUp" is-config="true" duration-ms="54120" started-at="2018-03-14T13:57:01Z" finished-at="2018-03-14T13:57:55Z">
          <reporter-output>
          </reporter-output>
        </test-method> <!-- setUp -->
        <test-method status="PASS" signature="beforeMethod(java.lang.reflect.Method)[pri:0, instance:com.POMwithPF.addToCart.TC001_VerifyAaddToCart@2b4a2ec7]" name="beforeMethod" is-config="true" duration-ms="0" started-at="2018-03-14T13:57:55Z" finished-at="2018-03-14T13:57:55Z">
          <params>
            <param index="0">
              <value>
                <![CDATA[public void com.POMwithPF.addToCart.TC001_VerifyAaddToCart.verifyAaddToCart()]]>
              </value>
            </param>
          </params>
          <reporter-output>
          </reporter-output>
        </test-method> <!-- beforeMethod -->
        <test-method status="PASS" signature="verifyAaddToCart()[pri:0, instance:com.POMwithPF.addToCart.TC001_VerifyAaddToCart@2b4a2ec7]" name="verifyAaddToCart" duration-ms="2157" started-at="2018-03-14T13:57:55Z" finished-at="2018-03-14T13:57:57Z">
          <reporter-output>
            <line>
              <![CDATA[switched to the iframe]]>
            </line>
            <line>
              <![CDATA[clicked on:-Mens navigation menu]]>
            </line>
            <line>
              <![CDATA[clicked on:-Jackets]]>
            </line>
            <line>
              <![CDATA[<a href='C:\Users\RISHIKESH\workspace\POMwithPF\.\src\main\java\com\iCatalyst\POMWithPF\screenshotsverifyAaddToCart_14_03_2018_01_57_57.png'> <img src='C:\Users\RISHIKESH\workspace\POMwithPF\.\src\main\java\com\iCatalyst\POMWithPF\screenshotsverifyAaddToCart_14_03_2018_01_57_57.png' height='100' width='100'/> </a>]]>
            </line>
          </reporter-output>
        </test-method> <!-- verifyAaddToCart -->
        <test-method status="PASS" signature="afterMethod(org.testng.ITestResult)[pri:0, instance:com.POMwithPF.addToCart.TC001_VerifyAaddToCart@2b4a2ec7]" name="afterMethod" is-config="true" duration-ms="1" started-at="2018-03-14T13:57:57Z" finished-at="2018-03-14T13:57:57Z">
          <params>
            <param index="0">
              <value>
                <![CDATA[[TestResult name=verifyAaddToCart status=SUCCESS method=TC001_VerifyAaddToCart.verifyAaddToCart()[pri:0, instance:com.POMwithPF.addToCart.TC001_VerifyAaddToCart@2b4a2ec7] output=switched to the iframe]]]>
              </value>
            </param>
          </params>
          <reporter-output>
          </reporter-output>
        </test-method> <!-- afterMethod -->
        <test-method status="PASS" signature="endTest()[pri:0, instance:com.POMwithPF.addToCart.TC001_VerifyAaddToCart@2b4a2ec7]" name="endTest" is-config="true" duration-ms="52" started-at="2018-03-14T13:57:57Z" finished-at="2018-03-14T13:57:57Z">
          <reporter-output>
          </reporter-output>
        </test-method> <!-- endTest -->
      </class> <!-- com.POMwithPF.addToCart.TC001_VerifyAaddToCart -->
      <class name="com.POMwithPF.addToCart.TC002_VerifyFacebookLink">
        <test-method status="PASS" signature="setUp()[pri:0, instance:com.POMwithPF.addToCart.TC002_VerifyFacebookLink@564718df]" name="setUp" is-config="true" duration-ms="60201" started-at="2018-03-14T13:57:57Z" finished-at="2018-03-14T13:58:57Z">
          <reporter-output>
          </reporter-output>
        </test-method> <!-- setUp -->
        <test-method status="PASS" signature="beforeMethod(java.lang.reflect.Method)[pri:0, instance:com.POMwithPF.addToCart.TC002_VerifyFacebookLink@564718df]" name="beforeMethod" is-config="true" duration-ms="1" started-at="2018-03-14T13:58:57Z" finished-at="2018-03-14T13:58:57Z">
          <params>
            <param index="0">
              <value>
                <![CDATA[public void com.POMwithPF.addToCart.TC002_VerifyFacebookLink.verifyFacebookLink()]]>
              </value>
            </param>
          </params>
          <reporter-output>
          </reporter-output>
        </test-method> <!-- beforeMethod -->
        <test-method status="PASS" signature="verifyFacebookLink()[pri:0, instance:com.POMwithPF.addToCart.TC002_VerifyFacebookLink@564718df]" name="verifyFacebookLink" duration-ms="1987" started-at="2018-03-14T13:58:57Z" finished-at="2018-03-14T13:58:59Z">
          <reporter-output>
            <line>
              <![CDATA[switched to the iframe]]>
            </line>
            <line>
              <![CDATA[clicked on:-Mens navigation menu]]>
            </line>
            <line>
              <![CDATA[clicked on:-Jackets]]>
            </line>
            <line>
              <![CDATA[<a href='C:\Users\RISHIKESH\workspace\POMwithPF\.\src\main\java\com\iCatalyst\POMWithPF\screenshotsverifyFacebookLink_14_03_2018_01_58_59.png'> <img src='C:\Users\RISHIKESH\workspace\POMwithPF\.\src\main\java\com\iCatalyst\POMWithPF\screenshotsverifyFacebookLink_14_03_2018_01_58_59.png' height='100' width='100'/> </a>]]>
            </line>
          </reporter-output>
        </test-method> <!-- verifyFacebookLink -->
        <test-method status="PASS" signature="afterMethod(org.testng.ITestResult)[pri:0, instance:com.POMwithPF.addToCart.TC002_VerifyFacebookLink@564718df]" name="afterMethod" is-config="true" duration-ms="0" started-at="2018-03-14T13:58:59Z" finished-at="2018-03-14T13:58:59Z">
          <params>
            <param index="0">
              <value>
                <![CDATA[[TestResult name=verifyFacebookLink status=SUCCESS method=TC002_VerifyFacebookLink.verifyFacebookLink()[pri:0, instance:com.POMwithPF.addToCart.TC002_VerifyFacebookLink@564718df] output=switched to the iframe]]]>
              </value>
            </param>
          </params>
          <reporter-output>
          </reporter-output>
        </test-method> <!-- afterMethod -->
        <test-method status="PASS" signature="endTest()[pri:0, instance:com.POMwithPF.addToCart.TC002_VerifyFacebookLink@564718df]" name="endTest" is-config="true" duration-ms="149" started-at="2018-03-14T13:58:59Z" finished-at="2018-03-14T13:59:00Z">
          <reporter-output>
          </reporter-output>
        </test-method> <!-- endTest -->
      </class> <!-- com.POMwithPF.addToCart.TC002_VerifyFacebookLink -->
      <class name="com.POMwithPF.homepage.TC003_VerifyLoginWithDifferentRecords">
        <test-method status="PASS" signature="setUp()[pri:0, instance:com.POMwithPF.homepage.TC003_VerifyLoginWithDifferentRecords@51931956]" name="setUp" is-config="true" duration-ms="58645" started-at="2018-03-14T13:55:58Z" finished-at="2018-03-14T13:56:57Z">
          <reporter-output>
          </reporter-output>
        </test-method> <!-- setUp -->
        <test-method status="PASS" signature="beforeMethod(java.lang.reflect.Method)[pri:0, instance:com.POMwithPF.homepage.TC003_VerifyLoginWithDifferentRecords@51931956]" name="beforeMethod" is-config="true" duration-ms="0" started-at="2018-03-14T13:56:59Z" finished-at="2018-03-14T13:56:59Z">
          <params>
            <param index="0">
              <value>
                <![CDATA[public void com.POMwithPF.homepage.TC003_VerifyLoginWithDifferentRecords.verifyLoginWithDifferentRecords(java.lang.String,java.lang.String,java.lang.String)]]>
              </value>
            </param>
          </params>
          <reporter-output>
          </reporter-output>
        </test-method> <!-- beforeMethod -->
        <test-method status="PASS" signature="verifyLoginWithDifferentRecords(java.lang.String, java.lang.String, java.lang.String)[pri:0, instance:com.POMwithPF.homepage.TC003_VerifyLoginWithDifferentRecords@51931956]" name="verifyLoginWithDifferentRecords" duration-ms="901" started-at="2018-03-14T13:56:59Z" data-provider="loginData" finished-at="2018-03-14T13:57:00Z">
          <params>
            <param index="0">
              <value>
                <![CDATA[automation@gmail.com]]>
              </value>
            </param>
            <param index="1">
              <value>
                <![CDATA[password]]>
              </value>
            </param>
            <param index="2">
              <value>
                <![CDATA[y]]>
              </value>
            </param>
          </params>
          <reporter-output>
            <line>
              <![CDATA[switched to the iframe]]>
            </line>
            <line>
              <![CDATA[<a href='C:\Users\RISHIKESH\workspace\POMwithPF\.\src\main\java\com\iCatalyst\POMWithPF\screenshotsverifyLoginWithDifferentRecords_14_03_2018_01_56_59.png'> <img src='C:\Users\RISHIKESH\workspace\POMwithPF\.\src\main\java\com\iCatalyst\POMWithPF\screenshotsverifyLoginWithDifferentRecords_14_03_2018_01_56_59.png' height='100' width='100'/> </a>]]>
            </line>
          </reporter-output>
        </test-method> <!-- verifyLoginWithDifferentRecords -->
        <test-method status="PASS" signature="afterMethod(org.testng.ITestResult)[pri:0, instance:com.POMwithPF.homepage.TC003_VerifyLoginWithDifferentRecords@51931956]" name="afterMethod" is-config="true" duration-ms="0" started-at="2018-03-14T13:57:00Z" finished-at="2018-03-14T13:57:00Z">
          <params>
            <param index="0">
              <value>
                <![CDATA[[TestResult name=verifyLoginWithDifferentRecords status=SUCCESS method=TC003_VerifyLoginWithDifferentRecords.verifyLoginWithDifferentRecords(java.lang.String, java.lang.String, java.lang.String)[pri:0, instance:com.POMwithPF.homepage.TC003_VerifyLoginWithDifferentRecords@51931956] output=switched to the iframe]]]>
              </value>
            </param>
          </params>
          <reporter-output>
          </reporter-output>
        </test-method> <!-- afterMethod -->
        <test-method status="PASS" signature="verifyLoginWithDifferentRecords(java.lang.String, java.lang.String, java.lang.String)[pri:0, instance:com.POMwithPF.homepage.TC003_VerifyLoginWithDifferentRecords@51931956]" name="verifyLoginWithDifferentRecords" duration-ms="464" started-at="2018-03-14T13:57:00Z" data-provider="loginData" finished-at="2018-03-14T13:57:00Z">
          <params>
            <param index="0">
              <value>
                <![CDATA[automation@gmail.com]]>
              </value>
            </param>
            <param index="1">
              <value>
                <![CDATA[password]]>
              </value>
            </param>
            <param index="2">
              <value>
                <![CDATA[y]]>
              </value>
            </param>
          </params>
          <reporter-output>
            <line>
              <![CDATA[<a href='C:\Users\RISHIKESH\workspace\POMwithPF\.\src\main\java\com\iCatalyst\POMWithPF\screenshotsverifyLoginWithDifferentRecords_14_03_2018_01_57_00.png'> <img src='C:\Users\RISHIKESH\workspace\POMwithPF\.\src\main\java\com\iCatalyst\POMWithPF\screenshotsverifyLoginWithDifferentRecords_14_03_2018_01_57_00.png' height='100' width='100'/> </a>]]>
            </line>
          </reporter-output>
        </test-method> <!-- verifyLoginWithDifferentRecords -->
        <test-method status="PASS" signature="beforeMethod(java.lang.reflect.Method)[pri:0, instance:com.POMwithPF.homepage.TC003_VerifyLoginWithDifferentRecords@51931956]" name="beforeMethod" is-config="true" duration-ms="0" started-at="2018-03-14T13:57:00Z" finished-at="2018-03-14T13:57:00Z">
          <params>
            <param index="0">
              <value>
                <![CDATA[public void com.POMwithPF.homepage.TC003_VerifyLoginWithDifferentRecords.verifyLoginWithDifferentRecords(java.lang.String,java.lang.String,java.lang.String)]]>
              </value>
            </param>
          </params>
          <reporter-output>
          </reporter-output>
        </test-method> <!-- beforeMethod -->
        <test-method status="PASS" signature="afterMethod(org.testng.ITestResult)[pri:0, instance:com.POMwithPF.homepage.TC003_VerifyLoginWithDifferentRecords@51931956]" name="afterMethod" is-config="true" duration-ms="0" started-at="2018-03-14T13:57:00Z" finished-at="2018-03-14T13:57:00Z">
          <params>
            <param index="0">
              <value>
                <![CDATA[[TestResult name=verifyLoginWithDifferentRecords status=SUCCESS method=TC003_VerifyLoginWithDifferentRecords.verifyLoginWithDifferentRecords(java.lang.String, java.lang.String, java.lang.String)[pri:0, instance:com.POMwithPF.homepage.TC003_VerifyLoginWithDifferentRecords@51931956] output=<a href='C:\Users\RISHIKESH\workspace\POMwithPF\.\src\main\java\com\iCatalyst\POMWithPF\screenshotsverifyLoginWithDifferentRecords_14_03_2018_01_57_00.png'> <img src='C:\Users\RISHIKESH\workspace\POMwithPF\.\src\main\java\com\iCatalyst\POMWithPF\screenshotsverifyLoginWithDifferentRecords_14_03_2018_01_57_00.png' height='100' width='100'/> </a>]]]>
              </value>
            </param>
          </params>
          <reporter-output>
          </reporter-output>
        </test-method> <!-- afterMethod -->
        <test-method status="PASS" signature="beforeMethod(java.lang.reflect.Method)[pri:0, instance:com.POMwithPF.homepage.TC003_VerifyLoginWithDifferentRecords@51931956]" name="beforeMethod" is-config="true" duration-ms="0" started-at="2018-03-14T13:57:00Z" finished-at="2018-03-14T13:57:00Z">
          <params>
            <param index="0">
              <value>
                <![CDATA[public void com.POMwithPF.homepage.TC003_VerifyLoginWithDifferentRecords.verifyLoginWithDifferentRecords(java.lang.String,java.lang.String,java.lang.String)]]>
              </value>
            </param>
          </params>
          <reporter-output>
          </reporter-output>
        </test-method> <!-- beforeMethod -->
        <test-method status="SKIP" signature="verifyLoginWithDifferentRecords(java.lang.String, java.lang.String, java.lang.String)[pri:0, instance:com.POMwithPF.homepage.TC003_VerifyLoginWithDifferentRecords@51931956]" name="verifyLoginWithDifferentRecords" duration-ms="3" started-at="2018-03-14T13:57:00Z" data-provider="loginData" finished-at="2018-03-14T13:57:00Z">
          <params>
            <param index="0">
              <value>
                <![CDATA[automation@gmail.com]]>
              </value>
            </param>
            <param index="1">
              <value>
                <![CDATA[password]]>
              </value>
            </param>
            <param index="2">
              <value>
                <![CDATA[n]]>
              </value>
            </param>
          </params>
          <exception class="org.testng.SkipException">
            <message>
              <![CDATA[user marked this record as no run]]>
            </message>
            <full-stacktrace>
              <![CDATA[org.testng.SkipException: user marked this record as no run
	at com.POMwithPF.homepage.TC003_VerifyLoginWithDifferentRecords.verifyLoginWithDifferentRecords(TC003_VerifyLoginWithDifferentRecords.java:38)
	at sun.reflect.NativeMethodAccessorImpl.invoke0(Native Method)
	at sun.reflect.NativeMethodAccessorImpl.invoke(NativeMethodAccessorImpl.java:62)
	at sun.reflect.DelegatingMethodAccessorImpl.invoke(DelegatingMethodAccessorImpl.java:43)
	at java.lang.reflect.Method.invoke(Method.java:498)
	at org.testng.internal.MethodInvocationHelper.invokeMethod(MethodInvocationHelper.java:104)
	at org.testng.internal.Invoker.invokeMethod(Invoker.java:645)
	at org.testng.internal.Invoker.invokeTestMethod(Invoker.java:851)
	at org.testng.internal.Invoker.invokeTestMethods(Invoker.java:1177)
	at org.testng.internal.TestMethodWorker.invokeTestMethods(TestMethodWorker.java:129)
	at org.testng.internal.TestMethodWorker.run(TestMethodWorker.java:112)
	at org.testng.TestRunner.privateRun(TestRunner.java:756)
	at org.testng.TestRunner.run(TestRunner.java:610)
	at org.testng.SuiteRunner.runTest(SuiteRunner.java:387)
	at org.testng.SuiteRunner.runSequentially(SuiteRunner.java:382)
	at org.testng.SuiteRunner.privateRun(SuiteRunner.java:340)
	at org.testng.SuiteRunner.run(SuiteRunner.java:289)
	at org.testng.SuiteRunnerWorker.runSuite(SuiteRunnerWorker.java:52)
	at org.testng.SuiteRunnerWorker.run(SuiteRunnerWorker.java:86)
	at org.testng.TestNG.runSuitesSequentially(TestNG.java:1293)
	at org.testng.TestNG.runSuitesLocally(TestNG.java:1218)
	at org.testng.TestNG.runSuites(TestNG.java:1133)
	at org.testng.TestNG.run(TestNG.java:1104)
	at org.testng.remote.AbstractRemoteTestNG.run(AbstractRemoteTestNG.java:114)
	at org.testng.remote.RemoteTestNG.initAndRun(RemoteTestNG.java:251)
	at org.testng.remote.RemoteTestNG.main(RemoteTestNG.java:77)
]]>
            </full-stacktrace>
          </exception> <!-- org.testng.SkipException -->
          <reporter-output>
            <line>
              <![CDATA[Test is skipped:verifyLoginWithDifferentRecords]]>
            </line>
          </reporter-output>
        </test-method> <!-- verifyLoginWithDifferentRecords -->
        <test-method status="PASS" signature="afterMethod(org.testng.ITestResult)[pri:0, instance:com.POMwithPF.homepage.TC003_VerifyLoginWithDifferentRecords@51931956]" name="afterMethod" is-config="true" duration-ms="0" started-at="2018-03-14T13:57:00Z" finished-at="2018-03-14T13:57:00Z">
          <params>
            <param index="0">
              <value>
                <![CDATA[[TestResult name=verifyLoginWithDifferentRecords status=SKIP method=TC003_VerifyLoginWithDifferentRecords.verifyLoginWithDifferentRecords(java.lang.String, java.lang.String, java.lang.String)[pri:0, instance:com.POMwithPF.homepage.TC003_VerifyLoginWithDifferentRecords@51931956] output=Test is skipped:verifyLoginWithDifferentRecords]]]>
              </value>
            </param>
          </params>
          <reporter-output>
          </reporter-output>
        </test-method> <!-- afterMethod -->
        <test-method status="PASS" signature="beforeMethod(java.lang.reflect.Method)[pri:0, instance:com.POMwithPF.homepage.TC003_VerifyLoginWithDifferentRecords@51931956]" name="beforeMethod" is-config="true" duration-ms="0" started-at="2018-03-14T13:57:00Z" finished-at="2018-03-14T13:57:00Z">
          <params>
            <param index="0">
              <value>
                <![CDATA[public void com.POMwithPF.homepage.TC003_VerifyLoginWithDifferentRecords.verifyLoginWithDifferentRecords(java.lang.String,java.lang.String,java.lang.String)]]>
              </value>
            </param>
          </params>
          <reporter-output>
          </reporter-output>
        </test-method> <!-- beforeMethod -->
        <test-method status="SKIP" signature="verifyLoginWithDifferentRecords(java.lang.String, java.lang.String, java.lang.String)[pri:0, instance:com.POMwithPF.homepage.TC003_VerifyLoginWithDifferentRecords@51931956]" name="verifyLoginWithDifferentRecords" duration-ms="3" started-at="2018-03-14T13:57:00Z" data-provider="loginData" finished-at="2018-03-14T13:57:00Z">
          <params>
            <param index="0">
              <value>
                <![CDATA[automation@gmail.com]]>
              </value>
            </param>
            <param index="1">
              <value>
                <![CDATA[password]]>
              </value>
            </param>
            <param index="2">
              <value>
                <![CDATA[n]]>
              </value>
            </param>
          </params>
          <exception class="org.testng.SkipException">
            <message>
              <![CDATA[user marked this record as no run]]>
            </message>
            <full-stacktrace>
              <![CDATA[org.testng.SkipException: user marked this record as no run
	at com.POMwithPF.homepage.TC003_VerifyLoginWithDifferentRecords.verifyLoginWithDifferentRecords(TC003_VerifyLoginWithDifferentRecords.java:38)
	at sun.reflect.NativeMethodAccessorImpl.invoke0(Native Method)
	at sun.reflect.NativeMethodAccessorImpl.invoke(NativeMethodAccessorImpl.java:62)
	at sun.reflect.DelegatingMethodAccessorImpl.invoke(DelegatingMethodAccessorImpl.java:43)
	at java.lang.reflect.Method.invoke(Method.java:498)
	at org.testng.internal.MethodInvocationHelper.invokeMethod(MethodInvocationHelper.java:104)
	at org.testng.internal.Invoker.invokeMethod(Invoker.java:645)
	at org.testng.internal.Invoker.invokeTestMethod(Invoker.java:851)
	at org.testng.internal.Invoker.invokeTestMethods(Invoker.java:1177)
	at org.testng.internal.TestMethodWorker.invokeTestMethods(TestMethodWorker.java:129)
	at org.testng.internal.TestMethodWorker.run(TestMethodWorker.java:112)
	at org.testng.TestRunner.privateRun(TestRunner.java:756)
	at org.testng.TestRunner.run(TestRunner.java:610)
	at org.testng.SuiteRunner.runTest(SuiteRunner.java:387)
	at org.testng.SuiteRunner.runSequentially(SuiteRunner.java:382)
	at org.testng.SuiteRunner.privateRun(SuiteRunner.java:340)
	at org.testng.SuiteRunner.run(SuiteRunner.java:289)
	at org.testng.SuiteRunnerWorker.runSuite(SuiteRunnerWorker.java:52)
	at org.testng.SuiteRunnerWorker.run(SuiteRunnerWorker.java:86)
	at org.testng.TestNG.runSuitesSequentially(TestNG.java:1293)
	at org.testng.TestNG.runSuitesLocally(TestNG.java:1218)
	at org.testng.TestNG.runSuites(TestNG.java:1133)
	at org.testng.TestNG.run(TestNG.java:1104)
	at org.testng.remote.AbstractRemoteTestNG.run(AbstractRemoteTestNG.java:114)
	at org.testng.remote.RemoteTestNG.initAndRun(RemoteTestNG.java:251)
	at org.testng.remote.RemoteTestNG.main(RemoteTestNG.java:77)
]]>
            </full-stacktrace>
          </exception> <!-- org.testng.SkipException -->
          <reporter-output>
            <line>
              <![CDATA[Test is skipped:verifyLoginWithDifferentRecords]]>
            </line>
          </reporter-output>
        </test-method> <!-- verifyLoginWithDifferentRecords -->
        <test-method status="PASS" signature="afterMethod(org.testng.ITestResult)[pri:0, instance:com.POMwithPF.homepage.TC003_VerifyLoginWithDifferentRecords@51931956]" name="afterMethod" is-config="true" duration-ms="0" started-at="2018-03-14T13:57:00Z" finished-at="2018-03-14T13:57:00Z">
          <params>
            <param index="0">
              <value>
                <![CDATA[[TestResult name=verifyLoginWithDifferentRecords status=SKIP method=TC003_VerifyLoginWithDifferentRecords.verifyLoginWithDifferentRecords(java.lang.String, java.lang.String, java.lang.String)[pri:0, instance:com.POMwithPF.homepage.TC003_VerifyLoginWithDifferentRecords@51931956] output=Test is skipped:verifyLoginWithDifferentRecords]]]>
              </value>
            </param>
          </params>
          <reporter-output>
          </reporter-output>
        </test-method> <!-- afterMethod -->
        <test-method status="PASS" signature="beforeMethod(java.lang.reflect.Method)[pri:0, instance:com.POMwithPF.homepage.TC003_VerifyLoginWithDifferentRecords@51931956]" name="beforeMethod" is-config="true" duration-ms="0" started-at="2018-03-14T13:57:00Z" finished-at="2018-03-14T13:57:00Z">
          <params>
            <param index="0">
              <value>
                <![CDATA[public void com.POMwithPF.homepage.TC003_VerifyLoginWithDifferentRecords.verifyLoginWithDifferentRecords(java.lang.String,java.lang.String,java.lang.String)]]>
              </value>
            </param>
          </params>
          <reporter-output>
          </reporter-output>
        </test-method> <!-- beforeMethod -->
        <test-method status="SKIP" signature="verifyLoginWithDifferentRecords(java.lang.String, java.lang.String, java.lang.String)[pri:0, instance:com.POMwithPF.homepage.TC003_VerifyLoginWithDifferentRecords@51931956]" name="verifyLoginWithDifferentRecords" duration-ms="5" started-at="2018-03-14T13:57:00Z" data-provider="loginData" finished-at="2018-03-14T13:57:00Z">
          <params>
            <param index="0">
              <value>
                <![CDATA[automation@gmail.com]]>
              </value>
            </param>
            <param index="1">
              <value>
                <![CDATA[password]]>
              </value>
            </param>
            <param index="2">
              <value>
                <![CDATA[n]]>
              </value>
            </param>
          </params>
          <exception class="org.testng.SkipException">
            <message>
              <![CDATA[user marked this record as no run]]>
            </message>
            <full-stacktrace>
              <![CDATA[org.testng.SkipException: user marked this record as no run
	at com.POMwithPF.homepage.TC003_VerifyLoginWithDifferentRecords.verifyLoginWithDifferentRecords(TC003_VerifyLoginWithDifferentRecords.java:38)
	at sun.reflect.NativeMethodAccessorImpl.invoke0(Native Method)
	at sun.reflect.NativeMethodAccessorImpl.invoke(NativeMethodAccessorImpl.java:62)
	at sun.reflect.DelegatingMethodAccessorImpl.invoke(DelegatingMethodAccessorImpl.java:43)
	at java.lang.reflect.Method.invoke(Method.java:498)
	at org.testng.internal.MethodInvocationHelper.invokeMethod(MethodInvocationHelper.java:104)
	at org.testng.internal.Invoker.invokeMethod(Invoker.java:645)
	at org.testng.internal.Invoker.invokeTestMethod(Invoker.java:851)
	at org.testng.internal.Invoker.invokeTestMethods(Invoker.java:1177)
	at org.testng.internal.TestMethodWorker.invokeTestMethods(TestMethodWorker.java:129)
	at org.testng.internal.TestMethodWorker.run(TestMethodWorker.java:112)
	at org.testng.TestRunner.privateRun(TestRunner.java:756)
	at org.testng.TestRunner.run(TestRunner.java:610)
	at org.testng.SuiteRunner.runTest(SuiteRunner.java:387)
	at org.testng.SuiteRunner.runSequentially(SuiteRunner.java:382)
	at org.testng.SuiteRunner.privateRun(SuiteRunner.java:340)
	at org.testng.SuiteRunner.run(SuiteRunner.java:289)
	at org.testng.SuiteRunnerWorker.runSuite(SuiteRunnerWorker.java:52)
	at org.testng.SuiteRunnerWorker.run(SuiteRunnerWorker.java:86)
	at org.testng.TestNG.runSuitesSequentially(TestNG.java:1293)
	at org.testng.TestNG.runSuitesLocally(TestNG.java:1218)
	at org.testng.TestNG.runSuites(TestNG.java:1133)
	at org.testng.TestNG.run(TestNG.java:1104)
	at org.testng.remote.AbstractRemoteTestNG.run(AbstractRemoteTestNG.java:114)
	at org.testng.remote.RemoteTestNG.initAndRun(RemoteTestNG.java:251)
	at org.testng.remote.RemoteTestNG.main(RemoteTestNG.java:77)
]]>
            </full-stacktrace>
          </exception> <!-- org.testng.SkipException -->
          <reporter-output>
            <line>
              <![CDATA[Test is skipped:verifyLoginWithDifferentRecords]]>
            </line>
          </reporter-output>
        </test-method> <!-- verifyLoginWithDifferentRecords -->
        <test-method status="PASS" signature="afterMethod(org.testng.ITestResult)[pri:0, instance:com.POMwithPF.homepage.TC003_VerifyLoginWithDifferentRecords@51931956]" name="afterMethod" is-config="true" duration-ms="0" started-at="2018-03-14T13:57:00Z" finished-at="2018-03-14T13:57:00Z">
          <params>
            <param index="0">
              <value>
                <![CDATA[[TestResult name=verifyLoginWithDifferentRecords status=SKIP method=TC003_VerifyLoginWithDifferentRecords.verifyLoginWithDifferentRecords(java.lang.String, java.lang.String, java.lang.String)[pri:0, instance:com.POMwithPF.homepage.TC003_VerifyLoginWithDifferentRecords@51931956] output=Test is skipped:verifyLoginWithDifferentRecords]]]>
              </value>
            </param>
          </params>
          <reporter-output>
          </reporter-output>
        </test-method> <!-- afterMethod -->
        <test-method status="PASS" signature="beforeMethod(java.lang.reflect.Method)[pri:0, instance:com.POMwithPF.homepage.TC003_VerifyLoginWithDifferentRecords@51931956]" name="beforeMethod" is-config="true" duration-ms="1" started-at="2018-03-14T13:57:00Z" finished-at="2018-03-14T13:57:00Z">
          <params>
            <param index="0">
              <value>
                <![CDATA[public void com.POMwithPF.homepage.TC003_VerifyLoginWithDifferentRecords.verifyLoginWithDifferentRecords(java.lang.String,java.lang.String,java.lang.String)]]>
              </value>
            </param>
          </params>
          <reporter-output>
          </reporter-output>
        </test-method> <!-- beforeMethod -->
        <test-method status="SKIP" signature="verifyLoginWithDifferentRecords(java.lang.String, java.lang.String, java.lang.String)[pri:0, instance:com.POMwithPF.homepage.TC003_VerifyLoginWithDifferentRecords@51931956]" name="verifyLoginWithDifferentRecords" duration-ms="5" started-at="2018-03-14T13:57:00Z" data-provider="loginData" finished-at="2018-03-14T13:57:00Z">
          <params>
            <param index="0">
              <value>
                <![CDATA[automation@gmail.com]]>
              </value>
            </param>
            <param index="1">
              <value>
                <![CDATA[password]]>
              </value>
            </param>
            <param index="2">
              <value>
                <![CDATA[n]]>
              </value>
            </param>
          </params>
          <exception class="org.testng.SkipException">
            <message>
              <![CDATA[user marked this record as no run]]>
            </message>
            <full-stacktrace>
              <![CDATA[org.testng.SkipException: user marked this record as no run
	at com.POMwithPF.homepage.TC003_VerifyLoginWithDifferentRecords.verifyLoginWithDifferentRecords(TC003_VerifyLoginWithDifferentRecords.java:38)
	at sun.reflect.NativeMethodAccessorImpl.invoke0(Native Method)
	at sun.reflect.NativeMethodAccessorImpl.invoke(NativeMethodAccessorImpl.java:62)
	at sun.reflect.DelegatingMethodAccessorImpl.invoke(DelegatingMethodAccessorImpl.java:43)
	at java.lang.reflect.Method.invoke(Method.java:498)
	at org.testng.internal.MethodInvocationHelper.invokeMethod(MethodInvocationHelper.java:104)
	at org.testng.internal.Invoker.invokeMethod(Invoker.java:645)
	at org.testng.internal.Invoker.invokeTestMethod(Invoker.java:851)
	at org.testng.internal.Invoker.invokeTestMethods(Invoker.java:1177)
	at org.testng.internal.TestMethodWorker.invokeTestMethods(TestMethodWorker.java:129)
	at org.testng.internal.TestMethodWorker.run(TestMethodWorker.java:112)
	at org.testng.TestRunner.privateRun(TestRunner.java:756)
	at org.testng.TestRunner.run(TestRunner.java:610)
	at org.testng.SuiteRunner.runTest(SuiteRunner.java:387)
	at org.testng.SuiteRunner.runSequentially(SuiteRunner.java:382)
	at org.testng.SuiteRunner.privateRun(SuiteRunner.java:340)
	at org.testng.SuiteRunner.run(SuiteRunner.java:289)
	at org.testng.SuiteRunnerWorker.runSuite(SuiteRunnerWorker.java:52)
	at org.testng.SuiteRunnerWorker.run(SuiteRunnerWorker.java:86)
	at org.testng.TestNG.runSuitesSequentially(TestNG.java:1293)
	at org.testng.TestNG.runSuitesLocally(TestNG.java:1218)
	at org.testng.TestNG.runSuites(TestNG.java:1133)
	at org.testng.TestNG.run(TestNG.java:1104)
	at org.testng.remote.AbstractRemoteTestNG.run(AbstractRemoteTestNG.java:114)
	at org.testng.remote.RemoteTestNG.initAndRun(RemoteTestNG.java:251)
	at org.testng.remote.RemoteTestNG.main(RemoteTestNG.java:77)
]]>
            </full-stacktrace>
          </exception> <!-- org.testng.SkipException -->
          <reporter-output>
            <line>
              <![CDATA[Test is skipped:verifyLoginWithDifferentRecords]]>
            </line>
          </reporter-output>
        </test-method> <!-- verifyLoginWithDifferentRecords -->
        <test-method status="PASS" signature="afterMethod(org.testng.ITestResult)[pri:0, instance:com.POMwithPF.homepage.TC003_VerifyLoginWithDifferentRecords@51931956]" name="afterMethod" is-config="true" duration-ms="0" started-at="2018-03-14T13:57:00Z" finished-at="2018-03-14T13:57:00Z">
          <params>
            <param index="0">
              <value>
                <![CDATA[[TestResult name=verifyLoginWithDifferentRecords status=SKIP method=TC003_VerifyLoginWithDifferentRecords.verifyLoginWithDifferentRecords(java.lang.String, java.lang.String, java.lang.String)[pri:0, instance:com.POMwithPF.homepage.TC003_VerifyLoginWithDifferentRecords@51931956] output=Test is skipped:verifyLoginWithDifferentRecords]]]>
              </value>
            </param>
          </params>
          <reporter-output>
          </reporter-output>
        </test-method> <!-- afterMethod -->
        <test-method status="PASS" signature="beforeMethod(java.lang.reflect.Method)[pri:0, instance:com.POMwithPF.homepage.TC003_VerifyLoginWithDifferentRecords@51931956]" name="beforeMethod" is-config="true" duration-ms="0" started-at="2018-03-14T13:57:00Z" finished-at="2018-03-14T13:57:00Z">
          <params>
            <param index="0">
              <value>
                <![CDATA[public void com.POMwithPF.homepage.TC003_VerifyLoginWithDifferentRecords.verifyLoginWithDifferentRecords(java.lang.String,java.lang.String,java.lang.String)]]>
              </value>
            </param>
          </params>
          <reporter-output>
          </reporter-output>
        </test-method> <!-- beforeMethod -->
        <test-method status="PASS" signature="verifyLoginWithDifferentRecords(java.lang.String, java.lang.String, java.lang.String)[pri:0, instance:com.POMwithPF.homepage.TC003_VerifyLoginWithDifferentRecords@51931956]" name="verifyLoginWithDifferentRecords" duration-ms="421" started-at="2018-03-14T13:57:00Z" data-provider="loginData" finished-at="2018-03-14T13:57:01Z">
          <params>
            <param index="0">
              <value>
                <![CDATA[automation@gmail.com]]>
              </value>
            </param>
            <param index="1">
              <value>
                <![CDATA[password]]>
              </value>
            </param>
            <param index="2">
              <value>
                <![CDATA[y]]>
              </value>
            </param>
          </params>
          <reporter-output>
            <line>
              <![CDATA[<a href='C:\Users\RISHIKESH\workspace\POMwithPF\.\src\main\java\com\iCatalyst\POMWithPF\screenshotsverifyLoginWithDifferentRecords_14_03_2018_01_57_00.png'> <img src='C:\Users\RISHIKESH\workspace\POMwithPF\.\src\main\java\com\iCatalyst\POMWithPF\screenshotsverifyLoginWithDifferentRecords_14_03_2018_01_57_00.png' height='100' width='100'/> </a>]]>
            </line>
          </reporter-output>
        </test-method> <!-- verifyLoginWithDifferentRecords -->
        <test-method status="PASS" signature="endTest()[pri:0, instance:com.POMwithPF.homepage.TC003_VerifyLoginWithDifferentRecords@51931956]" name="endTest" is-config="true" duration-ms="101" started-at="2018-03-14T13:57:01Z" finished-at="2018-03-14T13:57:01Z">
          <reporter-output>
          </reporter-output>
        </test-method> <!-- endTest -->
        <test-method status="PASS" signature="afterMethod(org.testng.ITestResult)[pri:0, instance:com.POMwithPF.homepage.TC003_VerifyLoginWithDifferentRecords@51931956]" name="afterMethod" is-config="true" duration-ms="0" started-at="2018-03-14T13:57:01Z" finished-at="2018-03-14T13:57:01Z">
          <params>
            <param index="0">
              <value>
                <![CDATA[[TestResult name=verifyLoginWithDifferentRecords status=SUCCESS method=TC003_VerifyLoginWithDifferentRecords.verifyLoginWithDifferentRecords(java.lang.String, java.lang.String, java.lang.String)[pri:0, instance:com.POMwithPF.homepage.TC003_VerifyLoginWithDifferentRecords@51931956] output=<a href='C:\Users\RISHIKESH\workspace\POMwithPF\.\src\main\java\com\iCatalyst\POMWithPF\screenshotsverifyLoginWithDifferentRecords_14_03_2018_01_57_00.png'> <img src='C:\Users\RISHIKESH\workspace\POMwithPF\.\src\main\java\com\iCatalyst\POMWithPF\screenshotsverifyLoginWithDifferentRecords_14_03_2018_01_57_00.png' height='100' width='100'/> </a>]]]>
              </value>
            </param>
          </params>
          <reporter-output>
          </reporter-output>
        </test-method> <!-- afterMethod -->
      </class> <!-- com.POMwithPF.homepage.TC003_VerifyLoginWithDifferentRecords -->
    </test> <!-- HomePageTest -->
    <test name="AddToCartTest" duration-ms="118280" started-at="2018-03-14T08:29:00Z" finished-at="2018-03-14T08:30:58Z">
      <class name="com.POMwithPF.addToCart.TC001_VerifyAaddToCart">
        <test-method status="PASS" signature="setUp()[pri:0, instance:com.POMwithPF.addToCart.TC001_VerifyAaddToCart@41ee392b]" name="setUp" is-config="true" duration-ms="61445" started-at="2018-03-14T13:59:00Z" finished-at="2018-03-14T14:00:01Z">
          <reporter-output>
          </reporter-output>
        </test-method> <!-- setUp -->
        <test-method status="PASS" signature="verifyAaddToCart()[pri:0, instance:com.POMwithPF.addToCart.TC001_VerifyAaddToCart@41ee392b]" name="verifyAaddToCart" duration-ms="2022" started-at="2018-03-14T14:00:01Z" finished-at="2018-03-14T14:00:03Z">
          <reporter-output>
            <line>
              <![CDATA[switched to the iframe]]>
            </line>
            <line>
              <![CDATA[clicked on:-Mens navigation menu]]>
            </line>
            <line>
              <![CDATA[clicked on:-Jackets]]>
            </line>
            <line>
              <![CDATA[<a href='C:\Users\RISHIKESH\workspace\POMwithPF\.\src\main\java\com\iCatalyst\POMWithPF\screenshotsverifyAaddToCart_14_03_2018_02_00_02.png'> <img src='C:\Users\RISHIKESH\workspace\POMwithPF\.\src\main\java\com\iCatalyst\POMWithPF\screenshotsverifyAaddToCart_14_03_2018_02_00_02.png' height='100' width='100'/> </a>]]>
            </line>
          </reporter-output>
        </test-method> <!-- verifyAaddToCart -->
        <test-method status="PASS" signature="beforeMethod(java.lang.reflect.Method)[pri:0, instance:com.POMwithPF.addToCart.TC001_VerifyAaddToCart@41ee392b]" name="beforeMethod" is-config="true" duration-ms="0" started-at="2018-03-14T14:00:01Z" finished-at="2018-03-14T14:00:01Z">
          <params>
            <param index="0">
              <value>
                <![CDATA[public void com.POMwithPF.addToCart.TC001_VerifyAaddToCart.verifyAaddToCart()]]>
              </value>
            </param>
          </params>
          <reporter-output>
          </reporter-output>
        </test-method> <!-- beforeMethod -->
        <test-method status="PASS" signature="afterMethod(org.testng.ITestResult)[pri:0, instance:com.POMwithPF.addToCart.TC001_VerifyAaddToCart@41ee392b]" name="afterMethod" is-config="true" duration-ms="1" started-at="2018-03-14T14:00:03Z" finished-at="2018-03-14T14:00:03Z">
          <params>
            <param index="0">
              <value>
                <![CDATA[[TestResult name=verifyAaddToCart status=SUCCESS method=TC001_VerifyAaddToCart.verifyAaddToCart()[pri:0, instance:com.POMwithPF.addToCart.TC001_VerifyAaddToCart@41ee392b] output=switched to the iframe]]]>
              </value>
            </param>
          </params>
          <reporter-output>
          </reporter-output>
        </test-method> <!-- afterMethod -->
        <test-method status="PASS" signature="endTest()[pri:0, instance:com.POMwithPF.addToCart.TC001_VerifyAaddToCart@41ee392b]" name="endTest" is-config="true" duration-ms="110" started-at="2018-03-14T14:00:03Z" finished-at="2018-03-14T14:00:03Z">
          <reporter-output>
          </reporter-output>
        </test-method> <!-- endTest -->
      </class> <!-- com.POMwithPF.addToCart.TC001_VerifyAaddToCart -->
      <class name="com.POMwithPF.addToCart.TC002_VerifyFacebookLink">
        <test-method status="PASS" signature="setUp()[pri:0, instance:com.POMwithPF.addToCart.TC002_VerifyFacebookLink@1e67a849]" name="setUp" is-config="true" duration-ms="52218" started-at="2018-03-14T14:00:03Z" finished-at="2018-03-14T14:00:56Z">
          <reporter-output>
          </reporter-output>
        </test-method> <!-- setUp -->
        <test-method status="PASS" signature="verifyFacebookLink()[pri:0, instance:com.POMwithPF.addToCart.TC002_VerifyFacebookLink@1e67a849]" name="verifyFacebookLink" duration-ms="2279" started-at="2018-03-14T14:00:56Z" finished-at="2018-03-14T14:00:58Z">
          <reporter-output>
            <line>
              <![CDATA[switched to the iframe]]>
            </line>
            <line>
              <![CDATA[clicked on:-Mens navigation menu]]>
            </line>
            <line>
              <![CDATA[clicked on:-Jackets]]>
            </line>
            <line>
              <![CDATA[<a href='C:\Users\RISHIKESH\workspace\POMwithPF\.\src\main\java\com\iCatalyst\POMWithPF\screenshotsverifyFacebookLink_14_03_2018_02_00_57.png'> <img src='C:\Users\RISHIKESH\workspace\POMwithPF\.\src\main\java\com\iCatalyst\POMWithPF\screenshotsverifyFacebookLink_14_03_2018_02_00_57.png' height='100' width='100'/> </a>]]>
            </line>
          </reporter-output>
        </test-method> <!-- verifyFacebookLink -->
        <test-method status="PASS" signature="beforeMethod(java.lang.reflect.Method)[pri:0, instance:com.POMwithPF.addToCart.TC002_VerifyFacebookLink@1e67a849]" name="beforeMethod" is-config="true" duration-ms="0" started-at="2018-03-14T14:00:56Z" finished-at="2018-03-14T14:00:56Z">
          <params>
            <param index="0">
              <value>
                <![CDATA[public void com.POMwithPF.addToCart.TC002_VerifyFacebookLink.verifyFacebookLink()]]>
              </value>
            </param>
          </params>
          <reporter-output>
          </reporter-output>
        </test-method> <!-- beforeMethod -->
        <test-method status="PASS" signature="endTest()[pri:0, instance:com.POMwithPF.addToCart.TC002_VerifyFacebookLink@1e67a849]" name="endTest" is-config="true" duration-ms="195" started-at="2018-03-14T14:00:58Z" finished-at="2018-03-14T14:00:58Z">
          <reporter-output>
          </reporter-output>
        </test-method> <!-- endTest -->
        <test-method status="PASS" signature="afterMethod(org.testng.ITestResult)[pri:0, instance:com.POMwithPF.addToCart.TC002_VerifyFacebookLink@1e67a849]" name="afterMethod" is-config="true" duration-ms="0" started-at="2018-03-14T14:00:58Z" finished-at="2018-03-14T14:00:58Z">
          <params>
            <param index="0">
              <value>
                <![CDATA[[TestResult name=verifyFacebookLink status=SUCCESS method=TC002_VerifyFacebookLink.verifyFacebookLink()[pri:0, instance:com.POMwithPF.addToCart.TC002_VerifyFacebookLink@1e67a849] output=switched to the iframe]]]>
              </value>
            </param>
          </params>
          <reporter-output>
          </reporter-output>
        </test-method> <!-- afterMethod -->
      </class> <!-- com.POMwithPF.addToCart.TC002_VerifyFacebookLink -->
    </test> <!-- AddToCartTest -->
  </suite> <!-- Regression Suite -->
</testng-results>
