<html>
<head>
<title>TestNG:  HomePageTest</title>
<link href="../testng.css" rel="stylesheet" type="text/css" />
<link href="../my-testng.css" rel="stylesheet" type="text/css" />

<style type="text/css">
.log { display: none;} 
.stack-trace { display: none;} 
</style>
<script type="text/javascript">
<!--
function flip(e) {
  current = e.style.display;
  if (current == 'block') {
    e.style.display = 'none';
    return 0;
  }
  else {
    e.style.display = 'block';
    return 1;
  }
}

function toggleBox(szDivId, elem, msg1, msg2)
{
  var res = -1;  if (document.getElementById) {
    res = flip(document.getElementById(szDivId));
  }
  else if (document.all) {
    // this is the way old msie versions work
    res = flip(document.all[szDivId]);
  }
  if(elem) {
    if(res == 0) elem.innerHTML = msg1; else elem.innerHTML = msg2;
  }

}

function toggleAllBoxes() {
  if (document.getElementsByTagName) {
    d = document.getElementsByTagName('div');
    for (i = 0; i < d.length; i++) {
      if (d[i].className == 'log') {
        flip(d[i]);
      }
    }
  }
}

// -->
</script>

</head>
<body>
<h2 align='center'>HomePageTest</h2><table border='1' align="center">
<tr>
<td>Tests passed/Failed/Skipped:</td><td>5/1/7</td>
</tr><tr>
<td>Started on:</td><td>Wed Mar 14 14:14:41 IST 2018</td>
</tr>
<tr><td>Total time:</td><td>211 seconds (211042 ms)</td>
</tr><tr>
<td>Included groups:</td><td></td>
</tr><tr>
<td>Excluded groups:</td><td></td>
</tr>
</table><p/>
<small><i>(Hover the method name to see the test class name)</i></small><p/>
<table width='100%' border='1' class='invocation-failed'>
<tr><td colspan='4' align='center'><b>FAILED TESTS</b></td></tr>
<tr><td><b>Test method</b></td>
<td width="30%"><b>Exception</b></td>
<td width="10%"><b>Time (seconds)</b></td>
<td><b>Instance</b></td>
</tr>
<tr>
<td title='com.POMwithPF.homepage.TC002_VerifyRegistration.verifyRegistration()'><b>verifyRegistration</b><br>Test class: com.POMwithPF.homepage.TC002_VerifyRegistration<br/>
<a href="#Output-895766599" onClick='toggleBox("Output-895766599", this, "Show output", "Hide output");'>Show output</a>

<a href="#Output-895766599" onClick="toggleAllBoxes();">Show all outputs</a>
<div class='log' id="Output-895766599">
switched to the iframe<br/>
clicked on sign Up link and object is:-[[ChromeDriver: chrome on XP (8a1b3e2b276bb00f6c8c451fd2689d25)] -> id: customer_register_link]<br/>
switched to the default Content<br/>
<a href='C:\Users\RISHIKESH\workspace\POMwithPF\.\src\main\java\com\iCatalyst\POMWithPF\screenshotsverifyRegistration_14_03_2018_02_15_37.png'> <img src='C:\Users\RISHIKESH\workspace\POMwithPF\.\src\main\java\com\iCatalyst\POMWithPF\screenshotsverifyRegistration_14_03_2018_02_15_37.png' height='100' width='100'/> </a><br/>
</div>
</td>
<td><div><pre>java.lang.AssertionError: verifyRegistration expected [true] but found [false]
	at com.POMwithPF.homepage.TC002_VerifyRegistration.verifyRegistration(TC002_VerifyRegistration.java:47)
... Removed 28 stack frames</pre></div><a href='#' onClick='toggleBox("stack-trace895766599", this, "Click to show all stack frames", "Click to hide stack frames")'>Click to show all stack frames</a>
<div class='stack-trace' id='stack-trace895766599'><pre>java.lang.AssertionError: verifyRegistration expected [true] but found [false]
	at org.testng.Assert.fail(Assert.java:94)
	at org.testng.Assert.failNotEquals(Assert.java:513)
	at org.testng.Assert.assertTrue(Assert.java:42)
	at com.POMwithPF.homepage.TC002_VerifyRegistration.verifyRegistration(TC002_VerifyRegistration.java:47)
	at sun.reflect.NativeMethodAccessorImpl.invoke0(Native Method)
	at sun.reflect.NativeMethodAccessorImpl.invoke(NativeMethodAccessorImpl.java:62)
	at sun.reflect.DelegatingMethodAccessorImpl.invoke(DelegatingMethodAccessorImpl.java:43)
	at java.lang.reflect.Method.invoke(Method.java:498)
	at org.testng.internal.MethodInvocationHelper.invokeMethod(MethodInvocationHelper.java:104)
	at org.testng.internal.Invoker.invokeMethod(Invoker.java:645)
	at org.testng.internal.Invoker.retryFailed(Invoker.java:998)
	at org.testng.internal.Invoker.invokeTestMethods(Invoker.java:1200)
	at org.testng.internal.TestMethodWorker.invokeTestMethods(TestMethodWorker.java:129)
	at org.testng.internal.TestMethodWorker.run(TestMethodWorker.java:112)
	at org.testng.TestRunner.privateRun(TestRunner.java:756)
	at org.testng.TestRunner.run(TestRunner.java:610)
	at org.testng.SuiteRunner.runTest(SuiteRunner.java:387)
	at org.testng.SuiteRunner.runSequentially(SuiteRunner.java:382)
	at org.testng.SuiteRunner.privateRun(SuiteRunner.java:340)
	at org.testng.SuiteRunner.run(SuiteRunner.java:289)
	at org.testng.SuiteRunnerWorker.runSuite(SuiteRunnerWorker.java:52)
	at org.testng.SuiteRunnerWorker.run(SuiteRunnerWorker.java:86)
	at org.testng.TestNG.runSuitesSequentially(TestNG.java:1293)
	at org.testng.TestNG.runSuitesLocally(TestNG.java:1218)
	at org.testng.TestNG.runSuites(TestNG.java:1133)
	at org.testng.TestNG.run(TestNG.java:1104)
	at org.testng.remote.AbstractRemoteTestNG.run(AbstractRemoteTestNG.java:114)
	at org.testng.remote.RemoteTestNG.initAndRun(RemoteTestNG.java:251)
	at org.testng.remote.RemoteTestNG.main(RemoteTestNG.java:77)
</pre></div></td>
<td>0</td>
<td>com.POMwithPF.homepage.TC002_VerifyRegistration@971d0d8</td></tr>
</table><p>
<table width='100%' border='1' class='invocation-passed'>
<tr><td colspan='4' align='center'><b>PASSED TESTS</b></td></tr>
<tr><td><b>Test method</b></td>
<td width="30%"><b>Exception</b></td>
<td width="10%"><b>Time (seconds)</b></td>
<td><b>Instance</b></td>
</tr>
<tr>
<td title='com.POMwithPF.addToCart.TC001_VerifyAaddToCart.verifyAaddToCart()'><b>verifyAaddToCart</b><br>Test class: com.POMwithPF.addToCart.TC001_VerifyAaddToCart<br/>
<a href="#Output-1151512955" onClick='toggleBox("Output-1151512955", this, "Show output", "Hide output");'>Show output</a>

<a href="#Output-1151512955" onClick="toggleAllBoxes();">Show all outputs</a>
<div class='log' id="Output-1151512955">
switched to the iframe<br/>
clicked on:-Mens navigation menu<br/>
clicked on:-Jackets<br/>
<a href='C:\Users\RISHIKESH\workspace\POMwithPF\.\src\main\java\com\iCatalyst\POMWithPF\screenshotsverifyAaddToCart_14_03_2018_02_17_18.png'> <img src='C:\Users\RISHIKESH\workspace\POMwithPF\.\src\main\java\com\iCatalyst\POMWithPF\screenshotsverifyAaddToCart_14_03_2018_02_17_18.png' height='100' width='100'/> </a><br/>
</div>
</td>
<td></td>
<td>1</td>
<td>com.POMwithPF.addToCart.TC001_VerifyAaddToCart@2b4a2ec7</td></tr>
<tr>
<td title='com.POMwithPF.addToCart.TC002_VerifyFacebookLink.verifyFacebookLink()'><b>verifyFacebookLink</b><br>Test class: com.POMwithPF.addToCart.TC002_VerifyFacebookLink<br/>
<a href="#Output-1972326147" onClick='toggleBox("Output-1972326147", this, "Show output", "Hide output");'>Show output</a>

<a href="#Output-1972326147" onClick="toggleAllBoxes();">Show all outputs</a>
<div class='log' id="Output-1972326147">
switched to the iframe<br/>
clicked on:-Mens navigation menu<br/>
clicked on:-Jackets<br/>
<a href='C:\Users\RISHIKESH\workspace\POMwithPF\.\src\main\java\com\iCatalyst\POMWithPF\screenshotsverifyFacebookLink_14_03_2018_02_18_11.png'> <img src='C:\Users\RISHIKESH\workspace\POMwithPF\.\src\main\java\com\iCatalyst\POMWithPF\screenshotsverifyFacebookLink_14_03_2018_02_18_11.png' height='100' width='100'/> </a><br/>
</div>
</td>
<td></td>
<td>1</td>
<td>com.POMwithPF.addToCart.TC002_VerifyFacebookLink@564718df</td></tr>
<tr>
<td title='com.POMwithPF.homepage.TC003_VerifyLoginWithDifferentRecords.verifyLoginWithDifferentRecords()'><b>verifyLoginWithDifferentRecords</b><br>Test class: com.POMwithPF.homepage.TC003_VerifyLoginWithDifferentRecords<br>Parameters: automation@gmail.com, password, y<br/>
<a href="#Output-1617156106" onClick='toggleBox("Output-1617156106", this, "Show output", "Hide output");'>Show output</a>

<a href="#Output-1617156106" onClick="toggleAllBoxes();">Show all outputs</a>
<div class='log' id="Output-1617156106">
switched to the iframe<br/>
<a href='C:\Users\RISHIKESH\workspace\POMwithPF\.\src\main\java\com\iCatalyst\POMWithPF\screenshotsverifyLoginWithDifferentRecords_14_03_2018_02_16_28.png'> <img src='C:\Users\RISHIKESH\workspace\POMwithPF\.\src\main\java\com\iCatalyst\POMWithPF\screenshotsverifyLoginWithDifferentRecords_14_03_2018_02_16_28.png' height='100' width='100'/> </a><br/>
</div>
</td>
<td></td>
<td>0</td>
<td>com.POMwithPF.homepage.TC003_VerifyLoginWithDifferentRecords@51931956</td></tr>
<tr>
<td title='com.POMwithPF.homepage.TC003_VerifyLoginWithDifferentRecords.verifyLoginWithDifferentRecords()'><b>verifyLoginWithDifferentRecords</b><br>Test class: com.POMwithPF.homepage.TC003_VerifyLoginWithDifferentRecords<br>Parameters: automation@gmail.com, password, y<br/>
<a href="#Output-707635461" onClick='toggleBox("Output-707635461", this, "Show output", "Hide output");'>Show output</a>

<a href="#Output-707635461" onClick="toggleAllBoxes();">Show all outputs</a>
<div class='log' id="Output-707635461">
<a href='C:\Users\RISHIKESH\workspace\POMwithPF\.\src\main\java\com\iCatalyst\POMWithPF\screenshotsverifyLoginWithDifferentRecords_14_03_2018_02_16_29.png'> <img src='C:\Users\RISHIKESH\workspace\POMwithPF\.\src\main\java\com\iCatalyst\POMWithPF\screenshotsverifyLoginWithDifferentRecords_14_03_2018_02_16_29.png' height='100' width='100'/> </a><br/>
</div>
</td>
<td></td>
<td>0</td>
<td>com.POMwithPF.homepage.TC003_VerifyLoginWithDifferentRecords@51931956</td></tr>
<tr>
<td title='com.POMwithPF.homepage.TC003_VerifyLoginWithDifferentRecords.verifyLoginWithDifferentRecords()'><b>verifyLoginWithDifferentRecords</b><br>Test class: com.POMwithPF.homepage.TC003_VerifyLoginWithDifferentRecords<br>Parameters: automation@gmail.com, password, y<br/>
<a href="#Output-443110940" onClick='toggleBox("Output-443110940", this, "Show output", "Hide output");'>Show output</a>

<a href="#Output-443110940" onClick="toggleAllBoxes();">Show all outputs</a>
<div class='log' id="Output-443110940">
<a href='C:\Users\RISHIKESH\workspace\POMwithPF\.\src\main\java\com\iCatalyst\POMWithPF\screenshotsverifyLoginWithDifferentRecords_14_03_2018_02_16_29.png'> <img src='C:\Users\RISHIKESH\workspace\POMwithPF\.\src\main\java\com\iCatalyst\POMWithPF\screenshotsverifyLoginWithDifferentRecords_14_03_2018_02_16_29.png' height='100' width='100'/> </a><br/>
</div>
</td>
<td></td>
<td>0</td>
<td>com.POMwithPF.homepage.TC003_VerifyLoginWithDifferentRecords@51931956</td></tr>
</table><p>
<table width='100%' border='1' class='invocation-skipped'>
<tr><td colspan='4' align='center'><b>SKIPPED TESTS</b></td></tr>
<tr><td><b>Test method</b></td>
<td width="30%"><b>Exception</b></td>
<td width="10%"><b>Time (seconds)</b></td>
<td><b>Instance</b></td>
</tr>
<tr>
<td title='com.POMwithPF.homepage.TC003_VerifyLoginWithDifferentRecords.verifyLoginWithDifferentRecords()'><b>verifyLoginWithDifferentRecords</b><br>Test class: com.POMwithPF.homepage.TC003_VerifyLoginWithDifferentRecords<br>Parameters: automation@gmail.com, password, n<br/>
<a href="#Output-1997344422" onClick='toggleBox("Output-1997344422", this, "Show output", "Hide output");'>Show output</a>

<a href="#Output-1997344422" onClick="toggleAllBoxes();">Show all outputs</a>
<div class='log' id="Output-1997344422">
Test is skipped:verifyLoginWithDifferentRecords<br/>
</div>
</td>
<td><div><pre>org.testng.SkipException: user marked this record as no run
	at com.POMwithPF.homepage.TC003_VerifyLoginWithDifferentRecords.verifyLoginWithDifferentRecords(TC003_VerifyLoginWithDifferentRecords.java:38)
... Removed 25 stack frames</pre></div><a href='#' onClick='toggleBox("stack-trace1997344422", this, "Click to show all stack frames", "Click to hide stack frames")'>Click to show all stack frames</a>
<div class='stack-trace' id='stack-trace1997344422'><pre>org.testng.SkipException: user marked this record as no run
	at com.POMwithPF.homepage.TC003_VerifyLoginWithDifferentRecords.verifyLoginWithDifferentRecords(TC003_VerifyLoginWithDifferentRecords.java:38)
	at sun.reflect.NativeMethodAccessorImpl.invoke0(Native Method)
	at sun.reflect.NativeMethodAccessorImpl.invoke(NativeMethodAccessorImpl.java:62)
	at sun.reflect.DelegatingMethodAccessorImpl.invoke(DelegatingMethodAccessorImpl.java:43)
	at java.lang.reflect.Method.invoke(Method.java:498)
	at org.testng.internal.MethodInvocationHelper.invokeMethod(MethodInvocationHelper.java:104)
	at org.testng.internal.Invoker.invokeMethod(Invoker.java:645)
	at org.testng.internal.Invoker.invokeTestMethod(Invoker.java:851)
	at org.testng.internal.Invoker.invokeTestMethods(Invoker.java:1177)
	at org.testng.internal.TestMethodWorker.invokeTestMethods(TestMethodWorker.java:129)
	at org.testng.internal.TestMethodWorker.run(TestMethodWorker.java:112)
	at org.testng.TestRunner.privateRun(TestRunner.java:756)
	at org.testng.TestRunner.run(TestRunner.java:610)
	at org.testng.SuiteRunner.runTest(SuiteRunner.java:387)
	at org.testng.SuiteRunner.runSequentially(SuiteRunner.java:382)
	at org.testng.SuiteRunner.privateRun(SuiteRunner.java:340)
	at org.testng.SuiteRunner.run(SuiteRunner.java:289)
	at org.testng.SuiteRunnerWorker.runSuite(SuiteRunnerWorker.java:52)
	at org.testng.SuiteRunnerWorker.run(SuiteRunnerWorker.java:86)
	at org.testng.TestNG.runSuitesSequentially(TestNG.java:1293)
	at org.testng.TestNG.runSuitesLocally(TestNG.java:1218)
	at org.testng.TestNG.runSuites(TestNG.java:1133)
	at org.testng.TestNG.run(TestNG.java:1104)
	at org.testng.remote.AbstractRemoteTestNG.run(AbstractRemoteTestNG.java:114)
	at org.testng.remote.RemoteTestNG.initAndRun(RemoteTestNG.java:251)
	at org.testng.remote.RemoteTestNG.main(RemoteTestNG.java:77)
</pre></div></td>
<td>0</td>
<td>com.POMwithPF.homepage.TC003_VerifyLoginWithDifferentRecords@51931956</td></tr>
<tr>
<td title='com.POMwithPF.homepage.TC003_VerifyLoginWithDifferentRecords.verifyLoginWithDifferentRecords()'><b>verifyLoginWithDifferentRecords</b><br>Test class: com.POMwithPF.homepage.TC003_VerifyLoginWithDifferentRecords<br>Parameters: automation@gmail.com, password, n<br/>
<a href="#Output-454160179" onClick='toggleBox("Output-454160179", this, "Show output", "Hide output");'>Show output</a>

<a href="#Output-454160179" onClick="toggleAllBoxes();">Show all outputs</a>
<div class='log' id="Output-454160179">
Test is skipped:verifyLoginWithDifferentRecords<br/>
</div>
</td>
<td><div><pre>org.testng.SkipException: user marked this record as no run
	at com.POMwithPF.homepage.TC003_VerifyLoginWithDifferentRecords.verifyLoginWithDifferentRecords(TC003_VerifyLoginWithDifferentRecords.java:38)
... Removed 25 stack frames</pre></div><a href='#' onClick='toggleBox("stack-trace454160179", this, "Click to show all stack frames", "Click to hide stack frames")'>Click to show all stack frames</a>
<div class='stack-trace' id='stack-trace454160179'><pre>org.testng.SkipException: user marked this record as no run
	at com.POMwithPF.homepage.TC003_VerifyLoginWithDifferentRecords.verifyLoginWithDifferentRecords(TC003_VerifyLoginWithDifferentRecords.java:38)
	at sun.reflect.NativeMethodAccessorImpl.invoke0(Native Method)
	at sun.reflect.NativeMethodAccessorImpl.invoke(NativeMethodAccessorImpl.java:62)
	at sun.reflect.DelegatingMethodAccessorImpl.invoke(DelegatingMethodAccessorImpl.java:43)
	at java.lang.reflect.Method.invoke(Method.java:498)
	at org.testng.internal.MethodInvocationHelper.invokeMethod(MethodInvocationHelper.java:104)
	at org.testng.internal.Invoker.invokeMethod(Invoker.java:645)
	at org.testng.internal.Invoker.invokeTestMethod(Invoker.java:851)
	at org.testng.internal.Invoker.invokeTestMethods(Invoker.java:1177)
	at org.testng.internal.TestMethodWorker.invokeTestMethods(TestMethodWorker.java:129)
	at org.testng.internal.TestMethodWorker.run(TestMethodWorker.java:112)
	at org.testng.TestRunner.privateRun(TestRunner.java:756)
	at org.testng.TestRunner.run(TestRunner.java:610)
	at org.testng.SuiteRunner.runTest(SuiteRunner.java:387)
	at org.testng.SuiteRunner.runSequentially(SuiteRunner.java:382)
	at org.testng.SuiteRunner.privateRun(SuiteRunner.java:340)
	at org.testng.SuiteRunner.run(SuiteRunner.java:289)
	at org.testng.SuiteRunnerWorker.runSuite(SuiteRunnerWorker.java:52)
	at org.testng.SuiteRunnerWorker.run(SuiteRunnerWorker.java:86)
	at org.testng.TestNG.runSuitesSequentially(TestNG.java:1293)
	at org.testng.TestNG.runSuitesLocally(TestNG.java:1218)
	at org.testng.TestNG.runSuites(TestNG.java:1133)
	at org.testng.TestNG.run(TestNG.java:1104)
	at org.testng.remote.AbstractRemoteTestNG.run(AbstractRemoteTestNG.java:114)
	at org.testng.remote.RemoteTestNG.initAndRun(RemoteTestNG.java:251)
	at org.testng.remote.RemoteTestNG.main(RemoteTestNG.java:77)
</pre></div></td>
<td>0</td>
<td>com.POMwithPF.homepage.TC003_VerifyLoginWithDifferentRecords@51931956</td></tr>
<tr>
<td title='com.POMwithPF.homepage.TC003_VerifyLoginWithDifferentRecords.verifyLoginWithDifferentRecords()'><b>verifyLoginWithDifferentRecords</b><br>Test class: com.POMwithPF.homepage.TC003_VerifyLoginWithDifferentRecords<br>Parameters: automation@gmail.com, password, n<br/>
<a href="#Output-1004009692" onClick='toggleBox("Output-1004009692", this, "Show output", "Hide output");'>Show output</a>

<a href="#Output-1004009692" onClick="toggleAllBoxes();">Show all outputs</a>
<div class='log' id="Output-1004009692">
Test is skipped:verifyLoginWithDifferentRecords<br/>
</div>
</td>
<td><div><pre>org.testng.SkipException: user marked this record as no run
	at com.POMwithPF.homepage.TC003_VerifyLoginWithDifferentRecords.verifyLoginWithDifferentRecords(TC003_VerifyLoginWithDifferentRecords.java:38)
... Removed 25 stack frames</pre></div><a href='#' onClick='toggleBox("stack-trace1004009692", this, "Click to show all stack frames", "Click to hide stack frames")'>Click to show all stack frames</a>
<div class='stack-trace' id='stack-trace1004009692'><pre>org.testng.SkipException: user marked this record as no run
	at com.POMwithPF.homepage.TC003_VerifyLoginWithDifferentRecords.verifyLoginWithDifferentRecords(TC003_VerifyLoginWithDifferentRecords.java:38)
	at sun.reflect.NativeMethodAccessorImpl.invoke0(Native Method)
	at sun.reflect.NativeMethodAccessorImpl.invoke(NativeMethodAccessorImpl.java:62)
	at sun.reflect.DelegatingMethodAccessorImpl.invoke(DelegatingMethodAccessorImpl.java:43)
	at java.lang.reflect.Method.invoke(Method.java:498)
	at org.testng.internal.MethodInvocationHelper.invokeMethod(MethodInvocationHelper.java:104)
	at org.testng.internal.Invoker.invokeMethod(Invoker.java:645)
	at org.testng.internal.Invoker.invokeTestMethod(Invoker.java:851)
	at org.testng.internal.Invoker.invokeTestMethods(Invoker.java:1177)
	at org.testng.internal.TestMethodWorker.invokeTestMethods(TestMethodWorker.java:129)
	at org.testng.internal.TestMethodWorker.run(TestMethodWorker.java:112)
	at org.testng.TestRunner.privateRun(TestRunner.java:756)
	at org.testng.TestRunner.run(TestRunner.java:610)
	at org.testng.SuiteRunner.runTest(SuiteRunner.java:387)
	at org.testng.SuiteRunner.runSequentially(SuiteRunner.java:382)
	at org.testng.SuiteRunner.privateRun(SuiteRunner.java:340)
	at org.testng.SuiteRunner.run(SuiteRunner.java:289)
	at org.testng.SuiteRunnerWorker.runSuite(SuiteRunnerWorker.java:52)
	at org.testng.SuiteRunnerWorker.run(SuiteRunnerWorker.java:86)
	at org.testng.TestNG.runSuitesSequentially(TestNG.java:1293)
	at org.testng.TestNG.runSuitesLocally(TestNG.java:1218)
	at org.testng.TestNG.runSuites(TestNG.java:1133)
	at org.testng.TestNG.run(TestNG.java:1104)
	at org.testng.remote.AbstractRemoteTestNG.run(AbstractRemoteTestNG.java:114)
	at org.testng.remote.RemoteTestNG.initAndRun(RemoteTestNG.java:251)
	at org.testng.remote.RemoteTestNG.main(RemoteTestNG.java:77)
</pre></div></td>
<td>0</td>
<td>com.POMwithPF.homepage.TC003_VerifyLoginWithDifferentRecords@51931956</td></tr>
<tr>
<td title='com.POMwithPF.homepage.TC003_VerifyLoginWithDifferentRecords.verifyLoginWithDifferentRecords()'><b>verifyLoginWithDifferentRecords</b><br>Test class: com.POMwithPF.homepage.TC003_VerifyLoginWithDifferentRecords<br>Parameters: automation@gmail.com, password, n<br/>
<a href="#Output-569138567" onClick='toggleBox("Output-569138567", this, "Show output", "Hide output");'>Show output</a>

<a href="#Output-569138567" onClick="toggleAllBoxes();">Show all outputs</a>
<div class='log' id="Output-569138567">
Test is skipped:verifyLoginWithDifferentRecords<br/>
</div>
</td>
<td><div><pre>org.testng.SkipException: user marked this record as no run
	at com.POMwithPF.homepage.TC003_VerifyLoginWithDifferentRecords.verifyLoginWithDifferentRecords(TC003_VerifyLoginWithDifferentRecords.java:38)
... Removed 25 stack frames</pre></div><a href='#' onClick='toggleBox("stack-trace569138567", this, "Click to show all stack frames", "Click to hide stack frames")'>Click to show all stack frames</a>
<div class='stack-trace' id='stack-trace569138567'><pre>org.testng.SkipException: user marked this record as no run
	at com.POMwithPF.homepage.TC003_VerifyLoginWithDifferentRecords.verifyLoginWithDifferentRecords(TC003_VerifyLoginWithDifferentRecords.java:38)
	at sun.reflect.NativeMethodAccessorImpl.invoke0(Native Method)
	at sun.reflect.NativeMethodAccessorImpl.invoke(NativeMethodAccessorImpl.java:62)
	at sun.reflect.DelegatingMethodAccessorImpl.invoke(DelegatingMethodAccessorImpl.java:43)
	at java.lang.reflect.Method.invoke(Method.java:498)
	at org.testng.internal.MethodInvocationHelper.invokeMethod(MethodInvocationHelper.java:104)
	at org.testng.internal.Invoker.invokeMethod(Invoker.java:645)
	at org.testng.internal.Invoker.invokeTestMethod(Invoker.java:851)
	at org.testng.internal.Invoker.invokeTestMethods(Invoker.java:1177)
	at org.testng.internal.TestMethodWorker.invokeTestMethods(TestMethodWorker.java:129)
	at org.testng.internal.TestMethodWorker.run(TestMethodWorker.java:112)
	at org.testng.TestRunner.privateRun(TestRunner.java:756)
	at org.testng.TestRunner.run(TestRunner.java:610)
	at org.testng.SuiteRunner.runTest(SuiteRunner.java:387)
	at org.testng.SuiteRunner.runSequentially(SuiteRunner.java:382)
	at org.testng.SuiteRunner.privateRun(SuiteRunner.java:340)
	at org.testng.SuiteRunner.run(SuiteRunner.java:289)
	at org.testng.SuiteRunnerWorker.runSuite(SuiteRunnerWorker.java:52)
	at org.testng.SuiteRunnerWorker.run(SuiteRunnerWorker.java:86)
	at org.testng.TestNG.runSuitesSequentially(TestNG.java:1293)
	at org.testng.TestNG.runSuitesLocally(TestNG.java:1218)
	at org.testng.TestNG.runSuites(TestNG.java:1133)
	at org.testng.TestNG.run(TestNG.java:1104)
	at org.testng.remote.AbstractRemoteTestNG.run(AbstractRemoteTestNG.java:114)
	at org.testng.remote.RemoteTestNG.initAndRun(RemoteTestNG.java:251)
	at org.testng.remote.RemoteTestNG.main(RemoteTestNG.java:77)
</pre></div></td>
<td>0</td>
<td>com.POMwithPF.homepage.TC003_VerifyLoginWithDifferentRecords@51931956</td></tr>
<tr>
<td title='com.POMwithPF.homepage.TC002_VerifyRegistration.verifyRegistration()'><b>verifyRegistration</b><br>Test class: com.POMwithPF.homepage.TC002_VerifyRegistration<br/>
<a href="#Output-1533524862" onClick='toggleBox("Output-1533524862", this, "Show output", "Hide output");'>Show output</a>

<a href="#Output-1533524862" onClick="toggleAllBoxes();">Show all outputs</a>
<div class='log' id="Output-1533524862">
switched to the iframe<br/>
clicked on sign Up link and object is:-[[ChromeDriver: chrome on XP (8a1b3e2b276bb00f6c8c451fd2689d25)] -> id: customer_register_link]<br/>
switched to the default Content<br/>
<a href='C:\Users\RISHIKESH\workspace\POMwithPF\.\src\main\java\com\iCatalyst\POMWithPF\screenshotsverifyRegistration_14_03_2018_02_15_35.png'> <img src='C:\Users\RISHIKESH\workspace\POMwithPF\.\src\main\java\com\iCatalyst\POMWithPF\screenshotsverifyRegistration_14_03_2018_02_15_35.png' height='100' width='100'/> </a><br/>
Retrying test verifyRegistration with status FAILURE for the 1 time(s).<br/>
Test is skipped:verifyRegistration<br/>
</div>
</td>
<td><div><pre>java.lang.AssertionError: verifyRegistration expected [true] but found [false]
	at com.POMwithPF.homepage.TC002_VerifyRegistration.verifyRegistration(TC002_VerifyRegistration.java:47)
... Removed 28 stack frames</pre></div><a href='#' onClick='toggleBox("stack-trace1533524862", this, "Click to show all stack frames", "Click to hide stack frames")'>Click to show all stack frames</a>
<div class='stack-trace' id='stack-trace1533524862'><pre>java.lang.AssertionError: verifyRegistration expected [true] but found [false]
	at org.testng.Assert.fail(Assert.java:94)
	at org.testng.Assert.failNotEquals(Assert.java:513)
	at org.testng.Assert.assertTrue(Assert.java:42)
	at com.POMwithPF.homepage.TC002_VerifyRegistration.verifyRegistration(TC002_VerifyRegistration.java:47)
	at sun.reflect.NativeMethodAccessorImpl.invoke0(Native Method)
	at sun.reflect.NativeMethodAccessorImpl.invoke(NativeMethodAccessorImpl.java:62)
	at sun.reflect.DelegatingMethodAccessorImpl.invoke(DelegatingMethodAccessorImpl.java:43)
	at java.lang.reflect.Method.invoke(Method.java:498)
	at org.testng.internal.MethodInvocationHelper.invokeMethod(MethodInvocationHelper.java:104)
	at org.testng.internal.Invoker.invokeMethod(Invoker.java:645)
	at org.testng.internal.Invoker.invokeTestMethod(Invoker.java:851)
	at org.testng.internal.Invoker.invokeTestMethods(Invoker.java:1177)
	at org.testng.internal.TestMethodWorker.invokeTestMethods(TestMethodWorker.java:129)
	at org.testng.internal.TestMethodWorker.run(TestMethodWorker.java:112)
	at org.testng.TestRunner.privateRun(TestRunner.java:756)
	at org.testng.TestRunner.run(TestRunner.java:610)
	at org.testng.SuiteRunner.runTest(SuiteRunner.java:387)
	at org.testng.SuiteRunner.runSequentially(SuiteRunner.java:382)
	at org.testng.SuiteRunner.privateRun(SuiteRunner.java:340)
	at org.testng.SuiteRunner.run(SuiteRunner.java:289)
	at org.testng.SuiteRunnerWorker.runSuite(SuiteRunnerWorker.java:52)
	at org.testng.SuiteRunnerWorker.run(SuiteRunnerWorker.java:86)
	at org.testng.TestNG.runSuitesSequentially(TestNG.java:1293)
	at org.testng.TestNG.runSuitesLocally(TestNG.java:1218)
	at org.testng.TestNG.runSuites(TestNG.java:1133)
	at org.testng.TestNG.run(TestNG.java:1104)
	at org.testng.remote.AbstractRemoteTestNG.run(AbstractRemoteTestNG.java:114)
	at org.testng.remote.RemoteTestNG.initAndRun(RemoteTestNG.java:251)
	at org.testng.remote.RemoteTestNG.main(RemoteTestNG.java:77)
</pre></div></td>
<td>6</td>
<td>com.POMwithPF.homepage.TC002_VerifyRegistration@971d0d8</td></tr>
<tr>
<td title='com.POMwithPF.homepage.TC002_VerifyRegistration.verifyRegistration()'><b>verifyRegistration</b><br>Test class: com.POMwithPF.homepage.TC002_VerifyRegistration<br/>
<a href="#Output-1356732524" onClick='toggleBox("Output-1356732524", this, "Show output", "Hide output");'>Show output</a>

<a href="#Output-1356732524" onClick="toggleAllBoxes();">Show all outputs</a>
<div class='log' id="Output-1356732524">
switched to the iframe<br/>
clicked on sign Up link and object is:-[[ChromeDriver: chrome on XP (8a1b3e2b276bb00f6c8c451fd2689d25)] -> id: customer_register_link]<br/>
switched to the default Content<br/>
<a href='C:\Users\RISHIKESH\workspace\POMwithPF\.\src\main\java\com\iCatalyst\POMWithPF\screenshotsverifyRegistration_14_03_2018_02_15_36.png'> <img src='C:\Users\RISHIKESH\workspace\POMwithPF\.\src\main\java\com\iCatalyst\POMWithPF\screenshotsverifyRegistration_14_03_2018_02_15_36.png' height='100' width='100'/> </a><br/>
Retrying test verifyRegistration with status FAILURE for the 2 time(s).<br/>
Test is skipped:verifyRegistration<br/>
</div>
</td>
<td><div><pre>java.lang.AssertionError: verifyRegistration expected [true] but found [false]
	at com.POMwithPF.homepage.TC002_VerifyRegistration.verifyRegistration(TC002_VerifyRegistration.java:47)
... Removed 28 stack frames</pre></div><a href='#' onClick='toggleBox("stack-trace1356732524", this, "Click to show all stack frames", "Click to hide stack frames")'>Click to show all stack frames</a>
<div class='stack-trace' id='stack-trace1356732524'><pre>java.lang.AssertionError: verifyRegistration expected [true] but found [false]
	at org.testng.Assert.fail(Assert.java:94)
	at org.testng.Assert.failNotEquals(Assert.java:513)
	at org.testng.Assert.assertTrue(Assert.java:42)
	at com.POMwithPF.homepage.TC002_VerifyRegistration.verifyRegistration(TC002_VerifyRegistration.java:47)
	at sun.reflect.NativeMethodAccessorImpl.invoke0(Native Method)
	at sun.reflect.NativeMethodAccessorImpl.invoke(NativeMethodAccessorImpl.java:62)
	at sun.reflect.DelegatingMethodAccessorImpl.invoke(DelegatingMethodAccessorImpl.java:43)
	at java.lang.reflect.Method.invoke(Method.java:498)
	at org.testng.internal.MethodInvocationHelper.invokeMethod(MethodInvocationHelper.java:104)
	at org.testng.internal.Invoker.invokeMethod(Invoker.java:645)
	at org.testng.internal.Invoker.retryFailed(Invoker.java:998)
	at org.testng.internal.Invoker.invokeTestMethods(Invoker.java:1200)
	at org.testng.internal.TestMethodWorker.invokeTestMethods(TestMethodWorker.java:129)
	at org.testng.internal.TestMethodWorker.run(TestMethodWorker.java:112)
	at org.testng.TestRunner.privateRun(TestRunner.java:756)
	at org.testng.TestRunner.run(TestRunner.java:610)
	at org.testng.SuiteRunner.runTest(SuiteRunner.java:387)
	at org.testng.SuiteRunner.runSequentially(SuiteRunner.java:382)
	at org.testng.SuiteRunner.privateRun(SuiteRunner.java:340)
	at org.testng.SuiteRunner.run(SuiteRunner.java:289)
	at org.testng.SuiteRunnerWorker.runSuite(SuiteRunnerWorker.java:52)
	at org.testng.SuiteRunnerWorker.run(SuiteRunnerWorker.java:86)
	at org.testng.TestNG.runSuitesSequentially(TestNG.java:1293)
	at org.testng.TestNG.runSuitesLocally(TestNG.java:1218)
	at org.testng.TestNG.runSuites(TestNG.java:1133)
	at org.testng.TestNG.run(TestNG.java:1104)
	at org.testng.remote.AbstractRemoteTestNG.run(AbstractRemoteTestNG.java:114)
	at org.testng.remote.RemoteTestNG.initAndRun(RemoteTestNG.java:251)
	at org.testng.remote.RemoteTestNG.main(RemoteTestNG.java:77)
</pre></div></td>
<td>0</td>
<td>com.POMwithPF.homepage.TC002_VerifyRegistration@971d0d8</td></tr>
<tr>
<td title='com.POMwithPF.homepage.TC002_VerifyRegistration.verifyRegistration()'><b>verifyRegistration</b><br>Test class: com.POMwithPF.homepage.TC002_VerifyRegistration<br/>
<a href="#Output-1911155630" onClick='toggleBox("Output-1911155630", this, "Show output", "Hide output");'>Show output</a>

<a href="#Output-1911155630" onClick="toggleAllBoxes();">Show all outputs</a>
<div class='log' id="Output-1911155630">
switched to the iframe<br/>
clicked on sign Up link and object is:-[[ChromeDriver: chrome on XP (8a1b3e2b276bb00f6c8c451fd2689d25)] -> id: customer_register_link]<br/>
switched to the default Content<br/>
<a href='C:\Users\RISHIKESH\workspace\POMwithPF\.\src\main\java\com\iCatalyst\POMWithPF\screenshotsverifyRegistration_14_03_2018_02_15_37.png'> <img src='C:\Users\RISHIKESH\workspace\POMwithPF\.\src\main\java\com\iCatalyst\POMWithPF\screenshotsverifyRegistration_14_03_2018_02_15_37.png' height='100' width='100'/> </a><br/>
Retrying test verifyRegistration with status FAILURE for the 3 time(s).<br/>
Test is skipped:verifyRegistration<br/>
</div>
</td>
<td><div><pre>java.lang.AssertionError: verifyRegistration expected [true] but found [false]
	at com.POMwithPF.homepage.TC002_VerifyRegistration.verifyRegistration(TC002_VerifyRegistration.java:47)
... Removed 28 stack frames</pre></div><a href='#' onClick='toggleBox("stack-trace1911155630", this, "Click to show all stack frames", "Click to hide stack frames")'>Click to show all stack frames</a>
<div class='stack-trace' id='stack-trace1911155630'><pre>java.lang.AssertionError: verifyRegistration expected [true] but found [false]
	at org.testng.Assert.fail(Assert.java:94)
	at org.testng.Assert.failNotEquals(Assert.java:513)
	at org.testng.Assert.assertTrue(Assert.java:42)
	at com.POMwithPF.homepage.TC002_VerifyRegistration.verifyRegistration(TC002_VerifyRegistration.java:47)
	at sun.reflect.NativeMethodAccessorImpl.invoke0(Native Method)
	at sun.reflect.NativeMethodAccessorImpl.invoke(NativeMethodAccessorImpl.java:62)
	at sun.reflect.DelegatingMethodAccessorImpl.invoke(DelegatingMethodAccessorImpl.java:43)
	at java.lang.reflect.Method.invoke(Method.java:498)
	at org.testng.internal.MethodInvocationHelper.invokeMethod(MethodInvocationHelper.java:104)
	at org.testng.internal.Invoker.invokeMethod(Invoker.java:645)
	at org.testng.internal.Invoker.retryFailed(Invoker.java:998)
	at org.testng.internal.Invoker.invokeTestMethods(Invoker.java:1200)
	at org.testng.internal.TestMethodWorker.invokeTestMethods(TestMethodWorker.java:129)
	at org.testng.internal.TestMethodWorker.run(TestMethodWorker.java:112)
	at org.testng.TestRunner.privateRun(TestRunner.java:756)
	at org.testng.TestRunner.run(TestRunner.java:610)
	at org.testng.SuiteRunner.runTest(SuiteRunner.java:387)
	at org.testng.SuiteRunner.runSequentially(SuiteRunner.java:382)
	at org.testng.SuiteRunner.privateRun(SuiteRunner.java:340)
	at org.testng.SuiteRunner.run(SuiteRunner.java:289)
	at org.testng.SuiteRunnerWorker.runSuite(SuiteRunnerWorker.java:52)
	at org.testng.SuiteRunnerWorker.run(SuiteRunnerWorker.java:86)
	at org.testng.TestNG.runSuitesSequentially(TestNG.java:1293)
	at org.testng.TestNG.runSuitesLocally(TestNG.java:1218)
	at org.testng.TestNG.runSuites(TestNG.java:1133)
	at org.testng.TestNG.run(TestNG.java:1104)
	at org.testng.remote.AbstractRemoteTestNG.run(AbstractRemoteTestNG.java:114)
	at org.testng.remote.RemoteTestNG.initAndRun(RemoteTestNG.java:251)
	at org.testng.remote.RemoteTestNG.main(RemoteTestNG.java:77)
</pre></div></td>
<td>0</td>
<td>com.POMwithPF.homepage.TC002_VerifyRegistration@971d0d8</td></tr>
</table><p>
</body>
</html>